TN:
SF:src\components\common\Button.tsx
FN:30,(anonymous_0)
FNF:1
FNH:0
FNDA:0,(anonymous_0)
DA:30,0
DA:42,0
DA:51,0
DA:59,0
DA:80,0
LF:5
LH:0
BRDA:33,0,0,0
BRDA:34,1,0,0
BRDA:35,2,0,0
BRDA:36,3,0,0
BRDA:37,4,0,0
BRDA:46,5,0,0
BRDA:46,5,1,0
BRDA:47,6,0,0
BRDA:47,6,1,0
BRDA:55,7,0,0
BRDA:55,7,1,0
BRDA:63,8,0,0
BRDA:63,8,1,0
BRDA:66,9,0,0
BRDA:66,9,1,0
BRDA:67,10,0,0
BRDA:67,10,1,0
BRDA:69,11,0,0
BRDA:69,11,1,0
BRDA:71,12,0,0
BRDA:71,12,1,0
BRF:21
BRH:0
end_of_record
TN:
SF:src\components\common\Card.tsx
FN:17,(anonymous_0)
FNF:1
FNH:0
FNDA:0,(anonymous_0)
DA:17,0
DA:23,0
DA:30,0
DA:33,0
LF:4
LH:0
BRDA:20,0,0,0
BRDA:21,1,0,0
BRDA:25,2,0,0
BRDA:25,2,1,0
BRDA:26,3,0,0
BRDA:26,3,1,0
BRF:6
BRH:0
end_of_record
TN:
SF:src\components\common\ErrorBoundary.tsx
FN:42,(anonymous_0)
FN:51,(anonymous_1)
FN:59,(anonymous_2)
FN:77,(anonymous_3)
FN:85,(anonymous_4)
FNF:5
FNH:0
FNDA:0,(anonymous_0)
FNDA:0,(anonymous_1)
FNDA:0,(anonymous_2)
FNDA:0,(anonymous_3)
FNDA:0,(anonymous_4)
DA:17,0
DA:43,0
DA:44,0
DA:53,0
DA:61,0
DA:62,0
DA:65,0
DA:66,0
DA:72,0
DA:77,0
DA:78,0
DA:86,0
DA:88,0
DA:89,0
DA:93,0
DA:135,0
DA:139,0
LF:17
LH:0
BRDA:65,0,0,0
BRDA:65,0,1,0
BRDA:86,1,0,0
BRDA:86,1,1,0
BRDA:88,2,0,0
BRDA:88,2,1,0
BRDA:105,3,0,0
BRDA:105,3,1,0
BRDA:105,3,2,0
BRDA:111,4,0,0
BRDA:111,4,1,0
BRDA:204,5,0,0
BRDA:204,5,1,0
BRF:13
BRH:0
end_of_record
TN:
SF:src\components\common\HeaderLogoutButton.tsx
FN:17,(anonymous_0)
FN:21,(anonymous_1)
FN:30,(anonymous_2)
FNF:3
FNH:0
FNDA:0,(anonymous_0)
FNDA:0,(anonymous_1)
FNDA:0,(anonymous_2)
DA:15,0
DA:17,0
DA:18,0
DA:19,0
DA:21,0
DA:22,0
DA:31,0
DA:32,0
DA:33,0
DA:36,0
DA:37,0
DA:39,0
DA:47,0
DA:48,0
DA:57,0
DA:68,0
LF:16
LH:0
BRDA:47,0,0,0
BRDA:47,0,1,0
BRF:2
BRH:0
end_of_record
TN:
SF:src\components\common\ProfileAvatar.tsx
FN:22,(anonymous_0)
FN:31,(anonymous_1)
FN:47,(anonymous_2)
FN:82,(anonymous_3)
FN:86,(anonymous_4)
FNF:5
FNH:0
FNDA:0,(anonymous_0)
FNDA:0,(anonymous_1)
FNDA:0,(anonymous_2)
FNDA:0,(anonymous_3)
FNDA:0,(anonymous_4)
DA:22,0
DA:27,0
DA:28,0
DA:29,0
DA:31,0
DA:32,0
DA:33,0
DA:36,0
DA:43,0
DA:44,0
DA:47,0
DA:48,0
DA:57,0
DA:83,0
DA:84,0
DA:87,0
DA:117,0
LF:17
LH:0
BRDA:23,0,0,0
BRDA:24,1,0,0
BRDA:32,2,0,0
BRDA:32,2,1,0
BRDA:44,3,0,0
BRDA:44,3,1,0
BRDA:51,4,0,0
BRDA:51,4,1,0
BRDA:53,5,0,0
BRDA:53,5,1,0
BRDA:71,6,0,0
BRDA:71,6,1,0
BRDA:71,7,0,0
BRDA:71,7,1,0
BRF:14
BRH:0
end_of_record
TN:
SF:src\components\common\ScreenHeader.tsx
FN:19,(anonymous_0)
FNF:1
FNH:0
FNDA:0,(anonymous_0)
DA:19,0
DA:25,0
DA:41,0
LF:3
LH:0
BRDA:23,0,0,0
BRDA:29,1,0,0
BRDA:29,1,1,0
BRDA:32,2,0,0
BRDA:32,2,1,0
BRDA:34,3,0,0
BRDA:34,3,1,0
BRF:7
BRH:0
end_of_record
TN:
SF:src\components\common\SignInPrompt.tsx
FN:21,(anonymous_0)
FN:29,(anonymous_1)
FNF:2
FNH:0
FNDA:0,(anonymous_0)
FNDA:0,(anonymous_1)
DA:21,0
DA:27,0
DA:29,0
DA:30,0
DA:33,0
DA:66,0
LF:6
LH:0
BRDA:22,0,0,0
BRDA:23,1,0,0
BRDA:24,2,0,0
BRDA:25,3,0,0
BRDA:36,4,0,0
BRDA:36,4,1,0
BRDA:46,5,0,0
BRDA:46,5,1,0
BRF:8
BRH:0
end_of_record
TN:
SF:src\components\home\DailyProgressBar.tsx
FN:29,(anonymous_0)
FN:104,(anonymous_1)
FN:121,(anonymous_2)
FN:133,(anonymous_3)
FN:144,(anonymous_4)
FN:155,(anonymous_5)
FNF:6
FNH:0
FNDA:0,(anonymous_0)
FNDA:0,(anonymous_1)
FNDA:0,(anonymous_2)
FNDA:0,(anonymous_3)
FNDA:0,(anonymous_4)
FNDA:0,(anonymous_5)
DA:29,0
DA:40,0
DA:42,0
DA:104,0
DA:108,0
DA:121,0
DA:133,0
DA:144,0
DA:155,0
DA:162,0
LF:10
LH:0
BRDA:37,0,0,0
BRDA:47,1,0,0
BRDA:47,1,1,0
BRDA:61,2,0,0
BRDA:61,2,1,0
BRDA:67,3,0,0
BRDA:67,3,1,0
BRDA:128,4,0,0
BRDA:128,4,1,0
BRDA:150,5,0,0
BRDA:150,5,1,0
BRDA:152,6,0,0
BRDA:152,6,1,0
BRF:13
BRH:0
end_of_record
TN:
SF:src\components\home\GreetingHeader.tsx
FN:26,(anonymous_0)
FNF:1
FNH:0
FNDA:0,(anonymous_0)
DA:26,0
DA:32,0
DA:33,0
DA:34,0
DA:36,0
DA:88,0
LF:6
LH:0
BRDA:27,0,0,0
BRDA:29,1,0,0
BRDA:63,2,0,0
BRDA:63,2,1,0
BRDA:63,2,2,0
BRDA:65,3,0,0
BRDA:65,3,1,0
BRDA:74,4,0,0
BRDA:74,4,1,0
BRDA:78,5,0,0
BRDA:78,5,1,0
BRF:11
BRH:0
end_of_record
TN:
SF:src\components\home\HadithCard.tsx
FN:18,(anonymous_0)
FN:35,(anonymous_1)
FNF:2
FNH:0
FNDA:0,(anonymous_0)
FNDA:0,(anonymous_1)
DA:18,0
DA:22,0
DA:24,0
DA:35,0
DA:77,0
LF:5
LH:0
BRDA:33,0,0,0
BRDA:33,0,1,0
BRDA:39,1,0,0
BRDA:39,1,1,0
BRDA:47,2,0,0
BRDA:47,2,1,0
BRDA:47,3,0,0
BRDA:47,3,1,0
BRDA:63,4,0,0
BRDA:63,4,1,0
BRF:10
BRH:0
end_of_record
TN:
SF:src\components\home\NextPrayerCard.tsx
FN:31,getTimeRemaining
FN:50,(anonymous_1)
FN:56,(anonymous_2)
FN:61,(anonymous_3)
FN:64,(anonymous_4)
FN:68,(anonymous_5)
FN:118,(anonymous_6)
FNF:7
FNH:0
FNDA:0,getTimeRemaining
FNDA:0,(anonymous_1)
FNDA:0,(anonymous_2)
FNDA:0,(anonymous_3)
FNDA:0,(anonymous_4)
FNDA:0,(anonymous_5)
FNDA:0,(anonymous_6)
DA:32,0
DA:35,0
DA:37,0
DA:39,0
DA:40,0
DA:43,0
DA:44,0
DA:45,0
DA:47,0
DA:50,0
DA:56,0
DA:57,0
DA:61,0
DA:62,0
DA:64,0
DA:65,0
DA:68,0
DA:71,0
DA:72,0
DA:83,0
DA:119,0
DA:152,0
LF:22
LH:0
BRDA:35,0,0,0
BRDA:35,0,1,0
BRDA:39,1,0,0
BRDA:39,1,1,0
BRDA:52,2,0,0
BRDA:57,3,0,0
BRDA:57,3,1,0
BRDA:62,4,0,0
BRDA:62,4,1,0
BRDA:71,5,0,0
BRDA:71,5,1,0
BRDA:114,6,0,0
BRDA:114,6,1,0
BRF:13
BRH:0
end_of_record
TN:
SF:src\components\home\QuickActionTiles.tsx
FN:29,(anonymous_0)
FN:35,(anonymous_1)
FN:42,(anonymous_2)
FN:49,(anonymous_3)
FN:56,(anonymous_4)
FN:63,(anonymous_5)
FN:70,(anonymous_6)
FN:78,(anonymous_7)
FN:91,(anonymous_8)
FN:102,(anonymous_9)
FNF:10
FNH:0
FNDA:0,(anonymous_0)
FNDA:0,(anonymous_1)
FNDA:0,(anonymous_2)
FNDA:0,(anonymous_3)
FNDA:0,(anonymous_4)
FNDA:0,(anonymous_5)
FNDA:0,(anonymous_6)
FNDA:0,(anonymous_7)
FNDA:0,(anonymous_8)
FNDA:0,(anonymous_9)
DA:29,0
DA:78,0
DA:79,0
DA:91,0
DA:92,0
DA:94,0
DA:103,0
DA:110,0
LF:8
LH:0
BRDA:35,0,0,0
BRDA:35,0,1,0
BRDA:42,1,0,0
BRDA:42,1,1,0
BRDA:49,2,0,0
BRDA:49,2,1,0
BRDA:56,3,0,0
BRDA:56,3,1,0
BRDA:63,4,0,0
BRDA:63,4,1,0
BRDA:70,5,0,0
BRDA:70,5,1,0
BRDA:92,6,0,0
BRDA:92,6,1,0
BRF:14
BRH:0
end_of_record
TN:
SF:src\components\home\ReflectionStrip.tsx
FN:31,getRandomPrompt
FN:38,getKhushuLabel
FN:46,getKhushuColor
FN:54,(anonymous_3)
FN:60,(anonymous_4)
FN:63,(anonymous_5)
FN:67,(anonymous_6)
FNF:7
FNH:0
FNDA:0,getRandomPrompt
FNDA:0,getKhushuLabel
FNDA:0,getKhushuColor
FNDA:0,(anonymous_3)
FNDA:0,(anonymous_4)
FNDA:0,(anonymous_5)
FNDA:0,(anonymous_6)
DA:18,0
DA:20,0
DA:32,0
DA:39,0
DA:40,0
DA:47,0
DA:48,0
DA:49,0
DA:50,0
DA:51,0
DA:54,0
DA:59,0
DA:60,0
DA:63,0
DA:64,0
DA:67,0
DA:68,0
DA:69,0
DA:72,0
DA:73,0
DA:75,0
DA:129,0
LF:22
LH:0
BRDA:47,0,0,0
BRDA:47,0,1,0
BRDA:48,1,0,0
BRDA:48,1,1,0
BRDA:49,2,0,0
BRDA:49,2,1,0
BRDA:50,3,0,0
BRDA:50,3,1,0
BRDA:57,4,0,0
BRF:9
BRH:0
end_of_record
TN:
SF:src\components\onboarding\OnboardingButtons.tsx
FN:37,(anonymous_0)
FNF:1
FNH:0
FNDA:0,(anonymous_0)
DA:37,0
DA:52,0
DA:54,0
DA:55,0
DA:57,0
DA:58,0
DA:60,0
DA:123,0
LF:8
LH:0
BRDA:38,0,0,0
BRDA:39,1,0,0
BRDA:40,2,0,0
BRDA:41,3,0,0
BRDA:42,4,0,0
BRDA:43,5,0,0
BRDA:44,6,0,0
BRDA:45,7,0,0
BRDA:49,8,0,0
BRDA:50,9,0,0
BRDA:54,10,0,0
BRDA:54,10,1,0
BRDA:55,11,0,0
BRDA:55,11,1,0
BRDA:57,12,0,0
BRDA:57,12,1,0
BRDA:66,13,0,0
BRDA:66,13,1,0
BRDA:66,14,0,0
BRDA:66,14,1,0
BRDA:88,15,0,0
BRDA:88,15,1,0
BRDA:88,15,2,0
BRDA:95,16,0,0
BRDA:95,16,1,0
BRDA:103,17,0,0
BRDA:103,17,1,0
BRDA:105,18,0,0
BRDA:105,18,1,0
BRF:29
BRH:0
end_of_record
TN:
SF:src\components\onboarding\OnboardingScreenContainer.tsx
FN:17,(anonymous_0)
FNF:1
FNH:0
FNDA:0,(anonymous_0)
DA:17,0
DA:25,0
DA:43,0
LF:3
LH:0
BRDA:19,0,0,0
BRF:1
BRH:0
end_of_record
TN:
SF:src\components\onboarding\OnboardingSlide.tsx
FN:37,(anonymous_0)
FN:56,(anonymous_1)
FNF:2
FNH:0
FNDA:0,(anonymous_0)
FNDA:0,(anonymous_1)
DA:37,0
DA:53,0
DA:54,0
DA:56,0
DA:57,0
DA:72,0
DA:73,0
DA:81,0
DA:137,0
DA:140,0
LF:10
LH:0
BRDA:43,0,0,0
BRDA:48,1,0,0
BRDA:49,2,0,0
BRDA:51,3,0,0
BRDA:72,4,0,0
BRDA:72,4,1,0
BRDA:73,5,0,0
BRDA:73,5,1,0
BRDA:83,6,0,0
BRDA:83,6,1,0
BRDA:100,7,0,0
BRDA:100,7,1,0
BRDA:100,7,2,0
BRDA:121,8,0,0
BRDA:121,8,1,0
BRDA:130,9,0,0
BRDA:130,9,1,0
BRF:17
BRH:0
end_of_record
TN:
SF:src\components\onboarding\ProgressIndicator.tsx
FN:17,(anonymous_0)
FN:25,(anonymous_1)
FN:41,(anonymous_2)
FN:45,(anonymous_3)
FNF:4
FNH:0
FNDA:0,(anonymous_0)
FNDA:0,(anonymous_1)
FNDA:0,(anonymous_2)
FNDA:0,(anonymous_3)
DA:17,0
DA:23,0
DA:26,0
DA:41,0
DA:42,0
DA:43,0
DA:45,0
DA:46,0
DA:61,0
DA:75,0
LF:10
LH:0
BRDA:20,0,0,0
BRDA:21,1,0,0
BRDA:42,2,0,0
BRDA:42,2,1,0
BRDA:43,3,0,0
BRDA:43,3,1,0
BRDA:48,4,0,0
BRDA:48,4,1,0
BRDA:54,5,0,0
BRDA:54,5,1,0
BRDA:66,6,0,0
BRDA:66,6,1,0
BRF:12
BRH:0
end_of_record
TN:
SF:src\components\prayers\FridaySunnahChecklist.tsx
FN:19,(anonymous_0)
FN:28,(anonymous_1)
FN:29,(anonymous_2)
FN:31,(anonymous_3)
FN:36,(anonymous_4)
FN:37,(anonymous_5)
FN:40,(anonymous_6)
FN:86,(anonymous_7)
FN:98,(anonymous_8)
FN:117,(anonymous_9)
FNF:10
FNH:0
FNDA:0,(anonymous_0)
FNDA:0,(anonymous_1)
FNDA:0,(anonymous_2)
FNDA:0,(anonymous_3)
FNDA:0,(anonymous_4)
FNDA:0,(anonymous_5)
FNDA:0,(anonymous_6)
FNDA:0,(anonymous_7)
FNDA:0,(anonymous_8)
FNDA:0,(anonymous_9)
DA:19,0
DA:25,0
DA:26,0
DA:28,0
DA:29,0
DA:30,0
DA:31,0
DA:36,0
DA:37,0
DA:40,0
DA:41,0
DA:44,0
DA:46,0
DA:87,0
DA:88,0
DA:90,0
DA:98,0
DA:117,0
DA:180,0
LF:19
LH:0
BRDA:23,0,0,0
BRDA:30,1,0,0
BRDA:30,1,1,0
BRDA:37,2,0,0
BRDA:37,2,1,0
BRDA:96,3,0,0
BRDA:96,3,1,0
BRDA:100,4,0,0
BRDA:100,4,1,0
BRDA:101,5,0,0
BRDA:101,5,1,0
BRDA:106,6,0,0
BRDA:106,6,1,0
BRDA:120,7,0,0
BRDA:120,7,1,0
BRDA:123,8,0,0
BRDA:123,8,1,0
BRDA:128,9,0,0
BRDA:128,9,1,0
BRDA:132,10,0,0
BRDA:132,10,1,0
BRDA:142,11,0,0
BRDA:142,11,1,0
BRDA:164,12,0,0
BRDA:164,12,1,0
BRDA:170,13,0,0
BRDA:170,13,1,0
BRF:27
BRH:0
end_of_record
TN:
SF:src\components\prayers\PrayerCalendar.tsx
FN:25,(anonymous_0)
FN:42,(anonymous_1)
FN:44,(anonymous_2)
FN:48,(anonymous_3)
FN:59,(anonymous_4)
FN:65,(anonymous_5)
FN:82,(anonymous_6)
FN:88,(anonymous_7)
FN:121,(anonymous_8)
FN:137,(anonymous_9)
FN:146,(anonymous_10)
FN:148,(anonymous_11)
FN:155,(anonymous_12)
FN:163,(anonymous_13)
FN:174,(anonymous_14)
FNF:15
FNH:0
FNDA:0,(anonymous_0)
FNDA:0,(anonymous_1)
FNDA:0,(anonymous_2)
FNDA:0,(anonymous_3)
FNDA:0,(anonymous_4)
FNDA:0,(anonymous_5)
FNDA:0,(anonymous_6)
FNDA:0,(anonymous_7)
FNDA:0,(anonymous_8)
FNDA:0,(anonymous_9)
FNDA:0,(anonymous_10)
FNDA:0,(anonymous_11)
FNDA:0,(anonymous_12)
FNDA:0,(anonymous_13)
FNDA:0,(anonymous_14)
DA:25,0
DA:26,0
DA:28,0
DA:30,0
DA:32,0
DA:34,0
DA:36,0
DA:38,0
DA:42,0
DA:44,0
DA:45,0
DA:48,0
DA:49,0
DA:50,0
DA:53,0
DA:56,0
DA:59,0
DA:62,0
DA:63,0
DA:65,0
DA:66,0
DA:67,0
DA:69,0
DA:72,0
DA:73,0
DA:74,0
DA:78,0
DA:82,0
DA:83,0
DA:85,0
DA:86,0
DA:88,0
DA:89,0
DA:90,0
DA:91,0
DA:92,0
DA:93,0
DA:98,0
DA:101,0
DA:103,0
DA:104,0
DA:112,0
DA:122,0
DA:138,0
DA:147,0
DA:149,0
DA:155,0
DA:164,0
DA:175,0
DA:188,0
DA:189,0
DA:191,0
LF:52
LH:0
BRDA:26,0,0,0
BRDA:26,0,1,0
BRDA:26,0,2,0
BRDA:26,0,3,0
BRDA:26,0,4,0
BRDA:26,0,5,0
BRDA:45,1,0,0
BRDA:45,1,1,0
BRDA:67,2,0,0
BRDA:67,2,1,0
BRDA:72,3,0,0
BRDA:72,3,1,0
BRDA:72,4,0,0
BRDA:72,4,1,0
BRDA:83,5,0,0
BRDA:83,5,1,0
BRDA:89,6,0,0
BRDA:89,6,1,0
BRDA:91,7,0,0
BRDA:91,7,1,0
BRDA:103,8,0,0
BRDA:103,8,1,0
BRDA:139,9,0,0
BRDA:139,9,1,0
BRDA:162,10,0,0
BRDA:162,10,1,0
BRF:26
BRH:0
end_of_record
TN:
SF:src\components\prayers\PrayerCard.tsx
FN:29,(anonymous_0)
FN:50,(anonymous_1)
FN:67,(anonymous_2)
FN:84,(anonymous_3)
FN:110,(anonymous_4)
FN:119,(anonymous_5)
FN:132,(anonymous_6)
FN:137,(anonymous_7)
FN:142,(anonymous_8)
FN:174,(anonymous_9)
FN:182,(anonymous_10)
FN:202,(anonymous_11)
FN:252,(anonymous_12)
FN:254,(anonymous_13)
FN:263,(anonymous_14)
FN:276,(anonymous_15)
FN:289,(anonymous_16)
FN:302,(anonymous_17)
FN:316,(anonymous_18)
FN:329,(anonymous_19)
FN:331,(anonymous_20)
FN:341,(anonymous_21)
FN:361,(anonymous_22)
FN:381,(anonymous_23)
FN:411,(anonymous_24)
FNF:25
FNH:0
FNDA:0,(anonymous_0)
FNDA:0,(anonymous_1)
FNDA:0,(anonymous_2)
FNDA:0,(anonymous_3)
FNDA:0,(anonymous_4)
FNDA:0,(anonymous_5)
FNDA:0,(anonymous_6)
FNDA:0,(anonymous_7)
FNDA:0,(anonymous_8)
FNDA:0,(anonymous_9)
FNDA:0,(anonymous_10)
FNDA:0,(anonymous_11)
FNDA:0,(anonymous_12)
FNDA:0,(anonymous_13)
FNDA:0,(anonymous_14)
FNDA:0,(anonymous_15)
FNDA:0,(anonymous_16)
FNDA:0,(anonymous_17)
FNDA:0,(anonymous_18)
FNDA:0,(anonymous_19)
FNDA:0,(anonymous_20)
FNDA:0,(anonymous_21)
FNDA:0,(anonymous_22)
FNDA:0,(anonymous_23)
FNDA:0,(anonymous_24)
DA:18,0
DA:29,0
DA:37,0
DA:38,0
DA:39,0
DA:40,0
DA:41,0
DA:42,0
DA:43,0
DA:44,0
DA:45,0
DA:46,0
DA:47,0
DA:48,0
DA:50,0
DA:51,0
DA:53,0
DA:55,0
DA:57,0
DA:59,0
DA:61,0
DA:63,0
DA:67,0
DA:68,0
DA:70,0
DA:72,0
DA:74,0
DA:76,0
DA:78,0
DA:80,0
DA:84,0
DA:85,0
DA:86,0
DA:88,0
DA:90,0
DA:93,0
DA:96,0
DA:97,0
DA:98,0
DA:99,0
DA:100,0
DA:101,0
DA:102,0
DA:106,0
DA:110,0
DA:111,0
DA:112,0
DA:115,0
DA:116,0
DA:119,0
DA:120,0
DA:123,0
DA:125,0
DA:128,0
DA:132,0
DA:133,0
DA:134,0
DA:137,0
DA:138,0
DA:139,0
DA:142,0
DA:143,0
DA:145,0
DA:148,0
DA:149,0
DA:150,0
DA:151,0
DA:152,0
DA:153,0
DA:156,0
DA:159,0
DA:160,0
DA:161,0
DA:162,0
DA:163,0
DA:164,0
DA:165,0
DA:169,0
DA:170,0
DA:174,0
DA:175,0
DA:176,0
DA:177,0
DA:178,0
DA:182,0
DA:183,0
DA:184,0
DA:185,0
DA:186,0
DA:187,0
DA:190,0
DA:198,0
DA:202,0
DA:252,0
DA:254,0
DA:263,0
DA:276,0
DA:289,0
DA:302,0
DA:316,0
DA:329,0
DA:331,0
DA:341,0
DA:361,0
DA:382,0
DA:383,0
DA:411,0
DA:466,0
LF:108
LH:0
BRDA:35,0,0,0
BRDA:51,1,0,0
BRDA:51,1,1,0
BRDA:53,2,0,0
BRDA:53,2,1,0
BRDA:53,2,2,0
BRDA:53,2,3,0
BRDA:53,2,4,0
BRDA:68,3,0,0
BRDA:68,3,1,0
BRDA:70,4,0,0
BRDA:70,4,1,0
BRDA:70,4,2,0
BRDA:70,4,3,0
BRDA:70,4,4,0
BRDA:88,5,0,0
BRDA:88,5,1,0
BRDA:97,6,0,0
BRDA:97,6,1,0
BRDA:97,7,0,0
BRDA:97,7,1,0
BRDA:123,8,0,0
BRDA:123,8,1,0
BRDA:123,9,0,0
BRDA:123,9,1,0
BRDA:123,9,2,0
BRDA:128,10,0,0
BRDA:128,10,1,0
BRDA:134,11,0,0
BRDA:134,11,1,0
BRDA:139,12,0,0
BRDA:139,12,1,0
BRDA:143,13,0,0
BRDA:143,13,1,0
BRDA:145,14,0,0
BRDA:145,14,1,0
BRDA:145,15,0,0
BRDA:145,15,1,0
BRDA:160,16,0,0
BRDA:160,16,1,0
BRDA:160,17,0,0
BRDA:160,17,1,0
BRDA:175,18,0,0
BRDA:175,18,1,0
BRDA:201,19,0,0
BRDA:201,19,1,0
BRDA:202,20,0,0
BRDA:202,20,1,0
BRDA:221,21,0,0
BRDA:221,21,1,0
BRDA:227,22,0,0
BRDA:227,22,1,0
BRDA:227,22,2,0
BRDA:230,23,0,0
BRDA:230,23,1,0
BRDA:233,24,0,0
BRDA:233,24,1,0
BRDA:237,25,0,0
BRDA:237,25,1,0
BRDA:239,26,0,0
BRDA:239,26,1,0
BRDA:400,27,0,0
BRDA:400,27,1,0
BRDA:400,27,2,0
BRDA:414,28,0,0
BRDA:414,28,1,0
BRDA:429,29,0,0
BRDA:429,29,1,0
BRDA:443,30,0,0
BRDA:443,30,1,0
BRF:70
BRH:0
end_of_record
TN:
SF:src\components\prayers\PrayerPerformanceCard.tsx
FN:18,(anonymous_0)
FN:22,(anonymous_1)
FN:23,(anonymous_2)
FN:27,(anonymous_3)
FNF:4
FNH:0
FNDA:0,(anonymous_0)
FNDA:0,(anonymous_1)
FNDA:0,(anonymous_2)
FNDA:0,(anonymous_3)
DA:18,0
DA:19,0
DA:22,0
DA:23,0
DA:24,0
DA:27,0
DA:28,0
DA:33,0
DA:35,0
DA:74,0
LF:10
LH:0
BRF:0
BRH:0
end_of_record
TN:
SF:src\components\prayers\PrayerStatusHadith.tsx
FN:17,(anonymous_0)
FN:18,(anonymous_1)
FN:53,(anonymous_2)
FNF:3
FNH:0
FNDA:0,(anonymous_0)
FNDA:0,(anonymous_1)
FNDA:0,(anonymous_2)
DA:17,0
DA:18,0
DA:19,0
DA:21,0
DA:27,0
DA:33,0
DA:39,0
DA:45,0
DA:53,0
DA:54,0
DA:56,0
DA:58,0
DA:60,0
DA:62,0
DA:64,0
DA:68,0
DA:70,0
DA:119,0
LF:18
LH:0
BRDA:19,0,0,0
BRDA:19,0,1,0
BRDA:19,0,2,0
BRDA:19,0,3,0
BRDA:19,0,4,0
BRDA:54,1,0,0
BRDA:54,1,1,0
BRDA:54,1,2,0
BRDA:54,1,3,0
BRDA:54,1,4,0
BRDA:84,2,0,0
BRDA:84,2,1,0
BRDA:93,3,0,0
BRDA:93,3,1,0
BRDA:100,4,0,0
BRDA:100,4,1,0
BRDA:112,5,0,0
BRDA:112,5,1,0
BRF:18
BRH:0
end_of_record
TN:
SF:src\components\prayers\QiblaCompass.tsx
FN:28,(anonymous_0)
FN:42,(anonymous_1)
FN:51,(anonymous_2)
FN:60,(anonymous_3)
FN:67,(anonymous_4)
FN:127,(anonymous_5)
FNF:6
FNH:0
FNDA:0,(anonymous_0)
FNDA:0,(anonymous_1)
FNDA:0,(anonymous_2)
FNDA:0,(anonymous_3)
FNDA:0,(anonymous_4)
FNDA:0,(anonymous_5)
DA:12,0
DA:14,0
DA:15,0
DA:28,0
DA:38,0
DA:39,0
DA:42,0
DA:43,0
DA:51,0
DA:52,0
DA:60,0
DA:61,0
DA:62,0
DA:63,0
DA:64,0
DA:67,0
DA:68,0
DA:69,0
DA:70,0
DA:71,0
DA:74,0
DA:128,0
DA:129,0
DA:130,0
DA:131,0
DA:133,0
DA:232,0
LF:27
LH:0
BRDA:61,0,0,0
BRDA:61,0,1,0
BRDA:62,1,0,0
BRDA:62,1,1,0
BRDA:63,2,0,0
BRDA:63,2,1,0
BRDA:68,3,0,0
BRDA:68,3,1,0
BRDA:69,4,0,0
BRDA:69,4,1,0
BRDA:70,5,0,0
BRDA:70,5,1,0
BRDA:82,6,0,0
BRDA:82,6,1,0
BRDA:82,6,2,0
BRDA:141,7,0,0
BRDA:141,7,1,0
BRF:17
BRH:0
end_of_record
TN:
SF:src\components\prayers\RewardAnimationModal.tsx
FN:25,(anonymous_0)
FN:48,(anonymous_1)
FN:59,(anonymous_2)
FN:63,(anonymous_3)
FN:70,(anonymous_4)
FN:72,(anonymous_5)
FN:73,(anonymous_6)
FNF:7
FNH:0
FNDA:0,(anonymous_0)
FNDA:0,(anonymous_1)
FNDA:0,(anonymous_2)
FNDA:0,(anonymous_3)
FNDA:0,(anonymous_4)
FNDA:0,(anonymous_5)
FNDA:0,(anonymous_6)
DA:25,0
DA:31,0
DA:34,0
DA:42,0
DA:45,0
DA:48,0
DA:49,0
DA:51,0
DA:54,0
DA:55,0
DA:56,0
DA:59,0
DA:60,0
DA:63,0
DA:67,0
DA:70,0
DA:71,0
DA:72,0
DA:73,0
DA:74,0
DA:76,0
DA:80,0
DA:82,0
DA:87,0
DA:89,0
DA:172,0
LF:26
LH:0
BRDA:28,0,0,0
BRDA:36,1,0,0
BRDA:36,1,1,0
BRDA:37,2,0,0
BRDA:37,2,1,0
BRDA:49,3,0,0
BRDA:49,3,1,0
BRDA:51,4,0,0
BRDA:51,4,1,0
BRDA:61,5,0,0
BRDA:61,5,1,0
BRDA:67,6,0,0
BRDA:67,6,1,0
BRDA:71,7,0,0
BRDA:71,7,1,0
BRDA:87,8,0,0
BRDA:87,8,1,0
BRDA:101,9,0,0
BRDA:101,9,1,0
BRDA:102,10,0,0
BRDA:102,10,1,0
BRDA:110,11,0,0
BRDA:110,11,1,0
BRDA:145,12,0,0
BRDA:145,12,1,0
BRDA:151,13,0,0
BRDA:151,13,1,0
BRDA:163,14,0,0
BRDA:163,14,1,0
BRF:29
BRH:0
end_of_record
TN:
SF:src\components\prayers\StatsCards.tsx
FN:25,(anonymous_0)
FN:41,(anonymous_1)
FN:61,(anonymous_2)
FNF:3
FNH:0
FNDA:0,(anonymous_0)
FNDA:0,(anonymous_1)
FNDA:0,(anonymous_2)
DA:25,0
DA:26,0
DA:41,0
DA:42,0
DA:61,0
DA:62,0
DA:183,0
LF:7
LH:0
BRDA:25,0,0,0
BRDA:27,1,0,0
BRDA:27,1,1,0
BRDA:41,2,0,0
BRDA:103,3,0,0
BRDA:103,3,1,0
BRDA:103,3,2,0
BRDA:105,4,0,0
BRDA:105,4,1,0
BRDA:114,5,0,0
BRDA:114,5,1,0
BRDA:114,5,2,0
BRF:12
BRH:0
end_of_record
TN:
SF:src\components\prayers\StreakCard.tsx
FN:17,(anonymous_0)
FN:26,(anonymous_1)
FN:134,(anonymous_2)
FNF:3
FNH:0
FNDA:0,(anonymous_0)
FNDA:0,(anonymous_1)
FNDA:0,(anonymous_2)
DA:17,0
DA:18,0
DA:21,0
DA:22,0
DA:23,0
DA:26,0
DA:27,0
DA:28,0
DA:29,0
DA:30,0
DA:31,0
DA:32,0
DA:33,0
DA:34,0
DA:35,0
DA:36,0
DA:38,0
DA:42,0
DA:134,0
DA:135,0
DA:136,0
DA:138,0
DA:163,0
LF:23
LH:0
BRDA:22,0,0,0
BRDA:22,0,1,0
BRDA:23,1,0,0
BRDA:23,1,1,0
BRDA:27,2,0,0
BRDA:27,2,1,0
BRDA:29,3,0,0
BRDA:29,3,1,0
BRDA:31,4,0,0
BRDA:31,4,1,0
BRDA:33,5,0,0
BRDA:33,5,1,0
BRDA:35,6,0,0
BRDA:35,6,1,0
BRDA:61,7,0,0
BRDA:61,7,1,0
BRDA:73,8,0,0
BRDA:73,8,1,0
BRDA:73,9,0,0
BRDA:73,9,1,0
BRDA:79,10,0,0
BRDA:79,10,1,0
BRDA:89,11,0,0
BRDA:89,11,1,0
BRDA:91,12,0,0
BRDA:91,12,1,0
BRDA:99,13,0,0
BRDA:99,13,1,0
BRDA:99,13,2,0
BRDA:107,14,0,0
BRDA:107,14,1,0
BRDA:107,14,2,0
BRDA:115,15,0,0
BRDA:115,15,1,0
BRF:34
BRH:0
end_of_record
TN:
SF:src\components\profile\EditProfileModal.tsx
FN:46,(anonymous_0)
FN:64,(anonymous_1)
FN:71,(anonymous_2)
FN:145,(anonymous_3)
FN:150,(anonymous_4)
FN:156,(anonymous_5)
FN:164,(anonymous_6)
FN:189,(anonymous_7)
FN:211,(anonymous_8)
FN:233,(anonymous_9)
FN:251,(anonymous_10)
FNF:11
FNH:0
FNDA:0,(anonymous_0)
FNDA:0,(anonymous_1)
FNDA:0,(anonymous_2)
FNDA:0,(anonymous_3)
FNDA:0,(anonymous_4)
FNDA:0,(anonymous_5)
FNDA:0,(anonymous_6)
FNDA:0,(anonymous_7)
FNDA:0,(anonymous_8)
FNDA:0,(anonymous_9)
FNDA:0,(anonymous_10)
DA:34,0
DA:46,0
DA:55,0
DA:56,0
DA:57,0
DA:58,0
DA:59,0
DA:60,0
DA:61,0
DA:64,0
DA:65,0
DA:66,0
DA:67,0
DA:68,0
DA:71,0
DA:73,0
DA:74,0
DA:75,0
DA:78,0
DA:79,0
DA:80,0
DA:83,0
DA:84,0
DA:85,0
DA:88,0
DA:90,0
DA:92,0
DA:94,0
DA:95,0
DA:99,0
DA:106,0
DA:109,0
DA:110,0
DA:114,0
DA:116,0
DA:122,0
DA:129,0
DA:132,0
DA:133,0
DA:135,0
DA:136,0
DA:141,0
DA:145,0
DA:146,0
DA:147,0
DA:150,0
DA:152,0
DA:153,0
DA:156,0
DA:157,0
DA:158,0
DA:165,0
DA:166,0
DA:167,0
DA:168,0
DA:169,0
DA:170,0
DA:176,0
DA:189,0
DA:190,0
DA:191,0
DA:192,0
DA:194,0
DA:195,0
DA:196,0
DA:199,0
DA:201,0
DA:204,0
DA:205,0
DA:207,0
DA:211,0
DA:212,0
DA:213,0
DA:214,0
DA:216,0
DA:217,0
DA:218,0
DA:221,0
DA:223,0
DA:226,0
DA:227,0
DA:229,0
DA:233,0
DA:234,0
DA:235,0
DA:236,0
DA:237,0
DA:240,0
DA:242,0
DA:244,0
DA:245,0
DA:247,0
DA:251,0
DA:252,0
DA:253,0
DA:254,0
DA:255,0
DA:257,0
DA:260,0
DA:395,0
LF:100
LH:0
BRDA:49,0,0,0
BRDA:50,1,0,0
BRDA:51,2,0,0
BRDA:52,3,0,0
BRDA:73,4,0,0
BRDA:73,4,1,0
BRDA:78,5,0,0
BRDA:78,5,1,0
BRDA:78,6,0,0
BRDA:78,6,1,0
BRDA:83,7,0,0
BRDA:83,7,1,0
BRDA:83,8,0,0
BRDA:83,8,1,0
BRDA:94,9,0,0
BRDA:94,9,1,0
BRDA:94,10,0,0
BRDA:94,10,1,0
BRDA:102,11,0,0
BRDA:102,11,1,0
BRDA:106,12,0,0
BRDA:106,12,1,0
BRDA:109,13,0,0
BRDA:109,13,1,0
BRDA:109,14,0,0
BRDA:109,14,1,0
BRDA:114,15,0,0
BRDA:114,15,1,0
BRDA:138,16,0,0
BRDA:138,16,1,0
BRDA:153,17,0,0
BRDA:153,17,1,0
BRDA:157,18,0,0
BRDA:157,18,1,0
BRDA:160,19,0,0
BRDA:160,19,1,0
BRDA:161,20,0,0
BRDA:161,20,1,0
BRDA:165,21,0,0
BRDA:165,21,1,0
BRDA:167,22,0,0
BRDA:167,22,1,0
BRDA:169,23,0,0
BRDA:169,23,1,0
BRDA:169,24,0,0
BRDA:169,24,1,0
BRDA:182,25,0,0
BRDA:182,25,1,0
BRDA:194,26,0,0
BRDA:194,26,1,0
BRDA:205,27,0,0
BRDA:205,27,1,0
BRDA:216,28,0,0
BRDA:216,28,1,0
BRDA:227,29,0,0
BRDA:227,29,1,0
BRDA:245,30,0,0
BRDA:245,30,1,0
BRDA:252,31,0,0
BRDA:252,31,1,0
BRDA:254,32,0,0
BRDA:254,32,1,0
BRDA:286,33,0,0
BRDA:286,33,1,0
BRDA:293,34,0,0
BRDA:293,34,1,0
BRDA:377,35,0,0
BRDA:377,35,1,0
BRDA:381,36,0,0
BRDA:381,36,1,0
BRF:70
BRH:0
end_of_record
TN:
SF:src\components\profile\ExportDataModal.tsx
FN:29,(anonymous_0)
FN:33,(anonymous_1)
FN:96,(anonymous_2)
FN:122,(anonymous_3)
FNF:4
FNH:0
FNDA:0,(anonymous_0)
FNDA:0,(anonymous_1)
FNDA:0,(anonymous_2)
FNDA:0,(anonymous_3)
DA:22,0
DA:29,0
DA:30,0
DA:31,0
DA:33,0
DA:34,0
DA:35,0
DA:38,0
DA:40,0
DA:46,0
DA:47,0
DA:53,0
DA:57,0
DA:96,0
DA:122,0
DA:174,0
LF:16
LH:0
BRDA:49,0,0,0
BRDA:49,0,1,0
BRDA:94,1,0,0
BRDA:94,1,1,0
BRDA:102,2,0,0
BRDA:102,2,1,0
BRDA:110,3,0,0
BRDA:110,3,1,0
BRDA:120,4,0,0
BRDA:120,4,1,0
BRDA:128,5,0,0
BRDA:128,5,1,0
BRDA:136,6,0,0
BRDA:136,6,1,0
BRDA:155,7,0,0
BRDA:155,7,1,0
BRDA:159,8,0,0
BRDA:159,8,1,0
BRF:18
BRH:0
end_of_record
TN:
SF:src\components\profile\ProfileHeader.tsx
FN:45,(anonymous_0)
FN:52,(anonymous_1)
FN:59,(anonymous_2)
FN:68,(anonymous_3)
FN:86,(anonymous_4)
FN:90,(anonymous_5)
FNF:6
FNH:0
FNDA:0,(anonymous_0)
FNDA:0,(anonymous_1)
FNDA:0,(anonymous_2)
FNDA:0,(anonymous_3)
FNDA:0,(anonymous_4)
FNDA:0,(anonymous_5)
DA:15,0
DA:18,0
DA:45,0
DA:46,0
DA:47,0
DA:48,0
DA:49,0
DA:52,0
DA:53,0
DA:54,0
DA:59,0
DA:60,0
DA:68,0
DA:70,0
DA:73,0
DA:74,0
DA:77,0
DA:87,0
DA:88,0
DA:91,0
DA:128,0
LF:21
LH:0
BRDA:53,0,0,0
BRDA:53,0,1,0
BRDA:63,1,0,0
BRDA:63,1,1,0
BRDA:82,2,0,0
BRDA:82,2,1,0
BRDA:82,3,0,0
BRDA:82,3,1,0
BRDA:103,4,0,0
BRDA:103,4,1,0
BRDA:108,5,0,0
BRDA:108,5,1,0
BRF:12
BRH:0
end_of_record
TN:
SF:src\components\profile\ProgressSummary.tsx
FN:13,(anonymous_0)
FN:20,(anonymous_1)
FN:21,(anonymous_2)
FN:24,(anonymous_3)
FNF:4
FNH:0
FNDA:0,(anonymous_0)
FNDA:0,(anonymous_1)
FNDA:0,(anonymous_2)
FNDA:0,(anonymous_3)
DA:13,0
DA:15,0
DA:18,0
DA:20,0
DA:21,0
DA:22,0
DA:24,0
DA:27,0
DA:28,0
DA:37,0
DA:38,0
DA:46,0
DA:85,0
LF:13
LH:0
BRDA:27,0,0,0
BRDA:27,0,1,0
BRDA:27,1,0,0
BRDA:27,1,1,0
BRDA:37,2,0,0
BRDA:37,2,1,0
BRDA:37,3,0,0
BRDA:37,3,1,0
BRDA:37,3,2,0
BRDA:49,4,0,0
BRDA:49,4,1,0
BRF:11
BRH:0
end_of_record
TN:
SF:src\components\profile\SettingRow.tsx
FN:25,(anonymous_0)
FN:36,(anonymous_1)
FN:42,(anonymous_2)
FN:48,(anonymous_3)
FNF:4
FNH:0
FNDA:0,(anonymous_0)
FNDA:0,(anonymous_1)
FNDA:0,(anonymous_2)
FNDA:0,(anonymous_3)
DA:25,0
DA:36,0
DA:37,0
DA:38,0
DA:42,0
DA:43,0
DA:44,0
DA:48,0
DA:49,0
DA:50,0
DA:53,0
DA:55,0
DA:70,0
DA:80,0
DA:81,0
DA:83,0
DA:86,0
DA:90,0
DA:92,0
DA:118,0
LF:20
LH:0
BRDA:33,0,0,0
BRDA:34,1,0,0
BRDA:37,2,0,0
BRDA:37,2,1,0
BRDA:37,3,0,0
BRDA:37,3,1,0
BRDA:37,3,2,0
BRDA:43,4,0,0
BRDA:43,4,1,0
BRDA:43,5,0,0
BRDA:43,5,1,0
BRDA:43,5,2,0
BRDA:49,6,0,0
BRDA:49,6,1,0
BRDA:53,7,0,0
BRDA:53,7,1,0
BRDA:53,7,2,0
BRDA:53,7,3,0
BRDA:53,7,4,0
BRDA:63,8,0,0
BRDA:63,8,1,0
BRDA:72,9,0,0
BRDA:72,9,1,0
BRDA:72,9,2,0
BRDA:80,10,0,0
BRDA:80,10,1,0
BRDA:80,11,0,0
BRDA:80,11,1,0
BRDA:90,12,0,0
BRDA:90,12,1,0
BRDA:96,13,0,0
BRDA:96,13,1,0
BRDA:99,14,0,0
BRDA:99,14,1,0
BRDA:100,15,0,0
BRDA:100,15,1,0
BRDA:103,16,0,0
BRDA:103,16,1,0
BRDA:105,17,0,0
BRDA:105,17,1,0
BRDA:106,18,0,0
BRDA:106,18,1,0
BRDA:107,19,0,0
BRDA:107,19,1,0
BRF:44
BRH:0
end_of_record
TN:
SF:src\components\profile\SettingsSection.tsx
FN:19,(anonymous_0)
FN:29,(anonymous_1)
FNF:2
FNH:0
FNDA:0,(anonymous_0)
FNDA:0,(anonymous_1)
DA:19,0
DA:26,0
DA:27,0
DA:29,0
DA:30,0
DA:32,0
DA:38,0
DA:41,0
DA:46,0
DA:87,0
LF:10
LH:0
BRDA:23,0,0,0
BRDA:27,1,0,0
BRDA:27,1,1,0
BRDA:30,2,0,0
BRDA:30,2,1,0
BRDA:54,3,0,0
BRDA:54,3,1,0
BRDA:57,4,0,0
BRDA:57,4,1,0
BRDA:57,4,2,0
BRDA:64,5,0,0
BRDA:64,5,1,0
BRDA:71,6,0,0
BRDA:71,6,1,0
BRF:14
BRH:0
end_of_record
TN:
SF:src\components\profile\TierPieChart.tsx
FN:24,(anonymous_0)
FNF:1
FNH:0
FNDA:0,(anonymous_0)
DA:21,0
DA:22,0
DA:24,0
DA:25,0
DA:27,0
DA:28,0
DA:35,0
DA:36,0
DA:37,0
DA:40,0
DA:80,0
LF:11
LH:0
BRDA:27,0,0,0
BRDA:27,0,1,0
BRF:2
BRH:0
end_of_record
TN:
SF:src\components\profile\WeeklyChart.tsx
FN:26,(anonymous_0)
FN:48,(anonymous_1)
FNF:2
FNH:0
FNDA:0,(anonymous_0)
FNDA:0,(anonymous_1)
DA:23,0
DA:24,0
DA:26,0
DA:27,0
DA:28,0
DA:36,0
DA:49,0
DA:64,0
LF:8
LH:0
BRDA:27,0,0,0
BRDA:27,0,1,0
BRDA:27,1,0,0
BRDA:27,1,1,0
BRF:4
BRH:0
end_of_record
TN:
SF:src\components\quran\bookmarks\BookmarksListView.tsx
FN:28,(anonymous_0)
FN:34,(anonymous_1)
FN:35,(anonymous_2)
FN:39,(anonymous_3)
FN:40,(anonymous_4)
FN:44,(anonymous_5)
FN:52,(anonymous_6)
FN:56,(anonymous_7)
FN:93,(anonymous_8)
FN:100,(anonymous_9)
FN:145,(anonymous_10)
FNF:11
FNH:0
FNDA:0,(anonymous_0)
FNDA:0,(anonymous_1)
FNDA:0,(anonymous_2)
FNDA:0,(anonymous_3)
FNDA:0,(anonymous_4)
FNDA:0,(anonymous_5)
FNDA:0,(anonymous_6)
FNDA:0,(anonymous_7)
FNDA:0,(anonymous_8)
FNDA:0,(anonymous_9)
FNDA:0,(anonymous_10)
DA:21,0
DA:28,0
DA:32,0
DA:34,0
DA:35,0
DA:36,0
DA:39,0
DA:40,0
DA:41,0
DA:44,0
DA:45,0
DA:46,0
DA:48,0
DA:52,0
DA:53,0
DA:56,0
DA:93,0
DA:100,0
DA:101,0
DA:110,0
DA:111,0
DA:122,0
DA:123,0
DA:131,0
DA:145,0
DA:154,0
LF:26
LH:0
BRDA:36,0,0,0
BRDA:36,0,1,0
BRDA:41,1,0,0
BRDA:41,1,1,0
BRDA:71,2,0,0
BRDA:71,2,1,0
BRDA:110,3,0,0
BRDA:110,3,1,0
BRDA:122,4,0,0
BRDA:122,4,1,0
BRDA:137,5,0,0
BRDA:137,5,1,0
BRF:12
BRH:0
end_of_record
TN:
SF:src\components\quran\library\AudioPlayer.tsx
FN:23,(anonymous_0)
FN:60,(anonymous_1)
FN:68,(anonymous_2)
FN:81,(anonymous_3)
FN:82,(anonymous_4)
FN:94,(anonymous_5)
FN:102,(anonymous_6)
FN:117,(anonymous_7)
FN:128,(anonymous_8)
FN:133,(anonymous_9)
FN:138,(anonymous_10)
FN:140,(anonymous_11)
FN:154,(anonymous_12)
FN:197,(anonymous_13)
FN:294,(anonymous_14)
FN:310,(anonymous_15)
FNF:16
FNH:0
FNDA:0,(anonymous_0)
FNDA:0,(anonymous_1)
FNDA:0,(anonymous_2)
FNDA:0,(anonymous_3)
FNDA:0,(anonymous_4)
FNDA:0,(anonymous_5)
FNDA:0,(anonymous_6)
FNDA:0,(anonymous_7)
FNDA:0,(anonymous_8)
FNDA:0,(anonymous_9)
FNDA:0,(anonymous_10)
FNDA:0,(anonymous_11)
FNDA:0,(anonymous_12)
FNDA:0,(anonymous_13)
FNDA:0,(anonymous_14)
FNDA:0,(anonymous_15)
DA:23,0
DA:36,0
DA:50,0
DA:54,0
DA:55,0
DA:56,0
DA:57,0
DA:60,0
DA:61,0
DA:62,0
DA:68,0
DA:69,0
DA:70,0
DA:81,0
DA:82,0
DA:83,0
DA:84,0
DA:85,0
DA:87,0
DA:90,0
DA:94,0
DA:95,0
DA:96,0
DA:97,0
DA:98,0
DA:102,0
DA:103,0
DA:104,0
DA:108,0
DA:109,0
DA:111,0
DA:117,0
DA:118,0
DA:119,0
DA:120,0
DA:121,0
DA:123,0
DA:124,0
DA:128,0
DA:129,0
DA:133,0
DA:134,0
DA:138,0
DA:139,0
DA:140,0
DA:141,0
DA:144,0
DA:145,0
DA:146,0
DA:148,0
DA:150,0
DA:154,0
DA:192,0
DA:197,0
DA:294,0
DA:310,0
DA:316,0
LF:57
LH:0
BRDA:25,0,0,0
BRDA:61,1,0,0
BRDA:61,1,1,0
BRDA:69,2,0,0
BRDA:69,2,1,0
BRDA:69,3,0,0
BRDA:69,3,1,0
BRDA:83,4,0,0
BRDA:83,4,1,0
BRDA:83,5,0,0
BRDA:83,5,1,0
BRDA:84,6,0,0
BRDA:84,6,1,0
BRDA:103,7,0,0
BRDA:103,7,1,0
BRDA:108,8,0,0
BRDA:108,8,1,0
BRDA:141,9,0,0
BRDA:141,9,1,0
BRDA:145,10,0,0
BRDA:145,10,1,0
BRDA:146,11,0,0
BRDA:146,11,1,0
BRDA:148,12,0,0
BRDA:148,12,1,0
BRDA:163,13,0,0
BRDA:163,13,1,0
BRDA:163,13,2,0
BRDA:166,14,0,0
BRDA:166,14,1,0
BRDA:166,14,2,0
BRDA:169,15,0,0
BRDA:169,15,1,0
BRDA:169,15,2,0
BRDA:179,16,0,0
BRDA:179,16,1,0
BRDA:183,17,0,0
BRDA:183,17,1,0
BRDA:209,18,0,0
BRDA:209,18,1,0
BRDA:234,19,0,0
BRDA:234,19,1,0
BRDA:238,20,0,0
BRDA:238,20,1,0
BRDA:247,21,0,0
BRDA:247,21,1,0
BRDA:251,22,0,0
BRDA:251,22,1,0
BRDA:251,22,2,0
BRDA:264,23,0,0
BRDA:264,23,1,0
BRDA:270,24,0,0
BRDA:270,24,1,0
BRDA:277,25,0,0
BRDA:277,25,1,0
BRDA:277,25,2,0
BRDA:282,26,0,0
BRDA:282,26,1,0
BRDA:282,26,2,0
BRDA:299,27,0,0
BRDA:299,27,1,0
BRF:61
BRH:0
end_of_record
TN:
SF:src\components\quran\library\AyahCard.tsx
FN:25,(anonymous_0)
FN:117,(anonymous_1)
FN:143,(anonymous_2)
FNF:3
FNH:0
FNDA:0,(anonymous_0)
FNDA:0,(anonymous_1)
FNDA:0,(anonymous_2)
DA:25,0
DA:37,0
DA:118,0
DA:119,0
DA:143,0
DA:145,0
DA:156,0
LF:7
LH:0
BRDA:27,0,0,0
BRDA:28,1,0,0
BRDA:29,2,0,0
BRDA:30,3,0,0
BRDA:31,4,0,0
BRDA:35,5,0,0
BRDA:42,6,0,0
BRDA:42,6,1,0
BRDA:43,7,0,0
BRDA:43,7,1,0
BRDA:43,7,2,0
BRDA:48,8,0,0
BRDA:48,8,1,0
BRDA:55,9,0,0
BRDA:55,9,1,0
BRDA:61,10,0,0
BRDA:61,10,1,0
BRDA:67,11,0,0
BRDA:67,11,1,0
BRDA:77,12,0,0
BRDA:77,12,1,0
BRDA:95,13,0,0
BRDA:95,13,1,0
BRDA:95,13,2,0
BRDA:103,14,0,0
BRDA:103,14,1,0
BRDA:106,15,0,0
BRDA:106,15,1,0
BRDA:106,15,2,0
BRDA:107,16,0,0
BRDA:107,16,1,0
BRDA:114,17,0,0
BRDA:114,17,1,0
BRDA:123,18,0,0
BRDA:123,18,1,0
BRDA:124,19,0,0
BRDA:124,19,1,0
BRDA:130,20,0,0
BRDA:130,20,1,0
BRDA:146,21,0,0
BRDA:146,21,1,0
BRDA:146,21,2,0
BRDA:146,21,3,0
BRDA:146,21,4,0
BRDA:146,21,5,0
BRDA:146,21,6,0
BRF:46
BRH:0
end_of_record
TN:
SF:src\components\quran\library\AyahWebView.tsx
FN:19,(anonymous_0)
FN:29,(anonymous_1)
FN:53,(anonymous_2)
FN:55,(anonymous_3)
FN:62,(anonymous_4)
FN:157,(anonymous_5)
FNF:6
FNH:0
FNDA:0,(anonymous_0)
FNDA:0,(anonymous_1)
FNDA:0,(anonymous_2)
FNDA:0,(anonymous_3)
FNDA:0,(anonymous_4)
FNDA:0,(anonymous_5)
DA:19,0
DA:25,0
DA:26,0
DA:29,0
DA:30,0
DA:31,0
DA:48,0
DA:53,0
DA:55,0
DA:57,0
DA:59,0
DA:62,0
DA:64,0
DA:66,0
DA:67,0
DA:70,0
DA:141,0
DA:158,0
DA:159,0
DA:160,0
DA:162,0
DA:172,0
LF:22
LH:0
BRDA:23,0,0,0
BRDA:30,1,0,0
BRDA:30,1,1,0
BRDA:30,2,0,0
BRDA:30,2,1,0
BRDA:30,2,2,0
BRDA:59,3,0,0
BRDA:59,3,1,0
BRDA:64,4,0,0
BRDA:64,4,1,0
BRDA:66,5,0,0
BRDA:66,5,1,0
BRDA:66,6,0,0
BRDA:66,6,1,0
BRDA:131,7,0,0
BRDA:131,7,1,0
BRDA:131,8,0,0
BRDA:131,8,1,0
BRDA:160,9,0,0
BRDA:160,9,1,0
BRF:20
BRH:0
end_of_record
TN:
SF:src\components\quran\library\ProgressBar.tsx
FN:19,(anonymous_0)
FNF:1
FNH:0
FNDA:0,(anonymous_0)
DA:19,0
DA:27,0
DA:28,0
DA:30,0
DA:59,0
LF:5
LH:0
BRDA:21,0,0,0
BRDA:22,1,0,0
BRDA:23,2,0,0
BRDA:24,3,0,0
BRDA:32,4,0,0
BRDA:32,4,1,0
BRDA:35,5,0,0
BRDA:35,5,1,0
BRDA:52,6,0,0
BRDA:52,6,1,0
BRDA:52,6,2,0
BRF:11
BRH:0
end_of_record
TN:
SF:src\components\quran\library\QuranReader.tsx
FN:39,(anonymous_0)
FN:40,(anonymous_1)
FN:54,(anonymous_2)
FN:102,(anonymous_3)
FN:107,(anonymous_4)
FN:110,(anonymous_5)
FN:151,(anonymous_6)
FN:155,(anonymous_7)
FN:156,(anonymous_8)
FN:166,(anonymous_9)
FN:185,(anonymous_10)
FN:192,(anonymous_11)
FN:198,(anonymous_12)
FN:203,(anonymous_13)
FN:211,(anonymous_14)
FN:212,(anonymous_15)
FN:260,(anonymous_16)
FN:271,(anonymous_17)
FN:285,(anonymous_18)
FN:288,(anonymous_19)
FN:299,(anonymous_20)
FN:301,(anonymous_21)
FN:313,(anonymous_22)
FN:325,(anonymous_23)
FN:331,(anonymous_24)
FN:340,(anonymous_25)
FN:355,(anonymous_26)
FN:371,(anonymous_27)
FN:372,(anonymous_28)
FN:373,(anonymous_29)
FN:379,(anonymous_30)
FN:413,(anonymous_31)
FN:455,(anonymous_32)
FN:467,(anonymous_33)
FN:470,(anonymous_34)
FN:471,(anonymous_35)
FN:493,(anonymous_36)
FN:495,(anonymous_37)
FN:500,(anonymous_38)
FN:515,(anonymous_39)
FN:534,(anonymous_40)
FNF:41
FNH:0
FNDA:0,(anonymous_0)
FNDA:0,(anonymous_1)
FNDA:0,(anonymous_2)
FNDA:0,(anonymous_3)
FNDA:0,(anonymous_4)
FNDA:0,(anonymous_5)
FNDA:0,(anonymous_6)
FNDA:0,(anonymous_7)
FNDA:0,(anonymous_8)
FNDA:0,(anonymous_9)
FNDA:0,(anonymous_10)
FNDA:0,(anonymous_11)
FNDA:0,(anonymous_12)
FNDA:0,(anonymous_13)
FNDA:0,(anonymous_14)
FNDA:0,(anonymous_15)
FNDA:0,(anonymous_16)
FNDA:0,(anonymous_17)
FNDA:0,(anonymous_18)
FNDA:0,(anonymous_19)
FNDA:0,(anonymous_20)
FNDA:0,(anonymous_21)
FNDA:0,(anonymous_22)
FNDA:0,(anonymous_23)
FNDA:0,(anonymous_24)
FNDA:0,(anonymous_25)
FNDA:0,(anonymous_26)
FNDA:0,(anonymous_27)
FNDA:0,(anonymous_28)
FNDA:0,(anonymous_29)
FNDA:0,(anonymous_30)
FNDA:0,(anonymous_31)
FNDA:0,(anonymous_32)
FNDA:0,(anonymous_33)
FNDA:0,(anonymous_34)
FNDA:0,(anonymous_35)
FNDA:0,(anonymous_36)
FNDA:0,(anonymous_37)
FNDA:0,(anonymous_38)
FNDA:0,(anonymous_39)
FNDA:0,(anonymous_40)
DA:22,0
DA:39,0
DA:40,0
DA:41,0
DA:43,0
DA:47,0
DA:48,0
DA:51,0
DA:54,0
DA:69,0
DA:81,0
DA:83,0
DA:85,0
DA:86,0
DA:87,0
DA:88,0
DA:89,0
DA:90,0
DA:91,0
DA:92,0
DA:95,0
DA:96,0
DA:97,0
DA:98,0
DA:99,0
DA:102,0
DA:103,0
DA:107,0
DA:108,0
DA:110,0
DA:111,0
DA:114,0
DA:116,0
DA:117,0
DA:120,0
DA:123,0
DA:125,0
DA:126,0
DA:127,0
DA:134,0
DA:137,0
DA:140,0
DA:141,0
DA:142,0
DA:144,0
DA:149,0
DA:151,0
DA:155,0
DA:156,0
DA:157,0
DA:161,0
DA:163,0
DA:164,0
DA:165,0
DA:166,0
DA:167,0
DA:168,0
DA:169,0
DA:171,0
DA:172,0
DA:174,0
DA:177,0
DA:181,0
DA:185,0
DA:186,0
DA:187,0
DA:188,0
DA:192,0
DA:193,0
DA:194,0
DA:198,0
DA:199,0
DA:200,0
DA:203,0
DA:204,0
DA:205,0
DA:211,0
DA:212,0
DA:213,0
DA:215,0
DA:218,0
DA:219,0
DA:220,0
DA:223,0
DA:224,0
DA:227,0
DA:228,0
DA:229,0
DA:233,0
DA:234,0
DA:235,0
DA:239,0
DA:240,0
DA:242,0
DA:243,0
DA:245,0
DA:253,0
DA:254,0
DA:256,0
DA:260,0
DA:262,0
DA:263,0
DA:266,0
DA:271,0
DA:272,0
DA:273,0
DA:274,0
DA:275,0
DA:278,0
DA:281,0
DA:284,0
DA:286,0
DA:289,0
DA:295,0
DA:299,0
DA:300,0
DA:301,0
DA:302,0
DA:303,0
DA:304,0
DA:309,0
DA:311,0
DA:313,0
DA:314,0
DA:325,0
DA:326,0
DA:327,0
DA:331,0
DA:332,0
DA:333,0
DA:336,0
DA:340,0
DA:341,0
DA:343,0
DA:344,0
DA:345,0
DA:346,0
DA:348,0
DA:351,0
DA:355,0
DA:356,0
DA:357,0
DA:358,0
DA:361,0
DA:363,0
DA:371,0
DA:372,0
DA:373,0
DA:379,0
DA:380,0
DA:382,0
DA:413,0
DA:414,0
DA:416,0
DA:428,0
DA:429,0
DA:437,0
DA:438,0
DA:449,0
DA:455,0
DA:469,0
DA:470,0
DA:471,0
DA:472,0
DA:473,0
DA:474,0
DA:479,0
DA:481,0
DA:495,0
DA:496,0
DA:497,0
DA:499,0
DA:500,0
DA:501,0
DA:503,0
DA:506,0
DA:507,0
DA:509,0
DA:510,0
DA:513,0
DA:517,0
DA:518,0
DA:519,0
DA:522,0
DA:523,0
DA:524,0
DA:528,0
DA:529,0
DA:530,0
DA:536,0
DA:539,0
DA:540,0
DA:541,0
DA:542,0
DA:545,0
DA:547,0
DA:548,0
DA:550,0
DA:551,0
DA:552,0
DA:559,0
DA:562,0
DA:565,0
DA:566,0
DA:567,0
DA:569,0
DA:579,0
LF:207
LH:0
BRDA:41,0,0,0
BRDA:41,0,1,0
BRDA:51,1,0,0
BRDA:51,1,1,0
BRDA:56,2,0,0
BRDA:83,3,0,0
BRDA:83,3,1,0
BRDA:108,4,0,0
BRDA:108,4,1,0
BRDA:108,5,0,0
BRDA:108,5,1,0
BRDA:114,6,0,0
BRDA:114,6,1,0
BRDA:120,7,0,0
BRDA:120,7,1,0
BRDA:157,8,0,0
BRDA:157,8,1,0
BRDA:165,9,0,0
BRDA:165,9,1,0
BRDA:186,10,0,0
BRDA:186,10,1,0
BRDA:186,11,0,0
BRDA:186,11,1,0
BRDA:213,12,0,0
BRDA:213,12,1,0
BRDA:213,13,0,0
BRDA:213,13,1,0
BRDA:218,14,0,0
BRDA:218,14,1,0
BRDA:218,15,0,0
BRDA:218,15,1,0
BRDA:227,16,0,0
BRDA:227,16,1,0
BRDA:233,17,0,0
BRDA:233,17,1,0
BRDA:250,18,0,0
BRDA:250,18,1,0
BRDA:262,19,0,0
BRDA:262,19,1,0
BRDA:272,20,0,0
BRDA:272,20,1,0
BRDA:274,21,0,0
BRDA:274,21,1,0
BRDA:274,22,0,0
BRDA:274,22,1,0
BRDA:300,23,0,0
BRDA:300,23,1,0
BRDA:300,24,0,0
BRDA:300,24,1,0
BRDA:302,25,0,0
BRDA:302,25,1,0
BRDA:326,26,0,0
BRDA:326,26,1,0
BRDA:332,27,0,0
BRDA:332,27,1,0
BRDA:341,28,0,0
BRDA:341,28,1,0
BRDA:345,29,0,0
BRDA:345,29,1,0
BRDA:358,30,0,0
BRDA:358,30,1,0
BRDA:361,31,0,0
BRDA:361,31,1,0
BRDA:373,32,0,0
BRDA:373,32,1,0
BRDA:380,33,0,0
BRDA:380,33,1,0
BRDA:385,34,0,0
BRDA:385,34,1,0
BRDA:385,34,2,0
BRDA:401,35,0,0
BRDA:401,35,1,0
BRDA:414,36,0,0
BRDA:414,36,1,0
BRDA:428,37,0,0
BRDA:428,37,1,0
BRDA:437,38,0,0
BRDA:437,38,1,0
BRDA:472,39,0,0
BRDA:472,39,1,0
BRDA:472,40,0,0
BRDA:472,40,1,0
BRDA:499,41,0,0
BRDA:499,41,1,0
BRDA:517,42,0,0
BRDA:517,42,1,0
BRDA:517,43,0,0
BRDA:517,43,1,0
BRDA:522,44,0,0
BRDA:522,44,1,0
BRDA:522,45,0,0
BRDA:522,45,1,0
BRDA:528,46,0,0
BRDA:528,46,1,0
BRDA:539,47,0,0
BRDA:539,47,1,0
BRDA:539,48,0,0
BRDA:539,48,1,0
BRDA:545,49,0,0
BRDA:545,49,1,0
BRDA:545,50,0,0
BRDA:545,50,1,0
BRDA:545,50,2,0
BRDA:557,51,0,0
BRDA:557,51,1,0
BRF:105
BRH:0
end_of_record
TN:
SF:src\components\quran\library\ReciterSelector.tsx
FN:28,(anonymous_0)
FN:40,(anonymous_1)
FN:46,(anonymous_2)
FN:56,(anonymous_3)
FN:65,(anonymous_4)
FN:74,(anonymous_5)
FN:116,(anonymous_6)
FN:138,(anonymous_7)
FN:148,(anonymous_8)
FNF:9
FNH:0
FNDA:0,(anonymous_0)
FNDA:0,(anonymous_1)
FNDA:0,(anonymous_2)
FNDA:0,(anonymous_3)
FNDA:0,(anonymous_4)
FNDA:0,(anonymous_5)
FNDA:0,(anonymous_6)
FNDA:0,(anonymous_7)
FNDA:0,(anonymous_8)
DA:28,0
DA:35,0
DA:40,0
DA:41,0
DA:42,0
DA:45,0
DA:46,0
DA:47,0
DA:56,0
DA:57,0
DA:58,0
DA:59,0
DA:65,0
DA:66,0
DA:68,0
DA:74,0
DA:108,0
DA:116,0
DA:138,0
DA:148,0
DA:173,0
LF:21
LH:0
BRDA:41,0,0,0
BRDA:41,0,1,0
BRDA:47,1,0,0
BRDA:47,1,1,0
BRDA:47,1,2,0
BRDA:72,2,0,0
BRDA:72,2,1,0
BRDA:81,3,0,0
BRDA:81,3,1,0
BRDA:85,4,0,0
BRDA:85,4,1,0
BRDA:92,5,0,0
BRDA:92,5,1,0
BRDA:98,6,0,0
BRDA:98,6,1,0
BRDA:137,7,0,0
BRDA:137,7,1,0
BRF:17
BRH:0
end_of_record
TN:
SF:src\components\quran\library\SurahCard.tsx
FN:17,(anonymous_0)
FN:22,(anonymous_1)
FN:23,(anonymous_2)
FNF:3
FNH:0
FNDA:0,(anonymous_0)
FNDA:0,(anonymous_1)
FNDA:0,(anonymous_2)
DA:17,0
DA:18,0
DA:19,0
DA:22,0
DA:23,0
DA:24,0
DA:25,0
DA:27,0
DA:29,0
DA:74,0
LF:10
LH:0
BRDA:59,0,0,0
BRDA:59,0,1,0
BRF:2
BRH:0
end_of_record
TN:
SF:src\components\quran\library\SurahList.tsx
FN:20,(anonymous_0)
FN:26,(anonymous_1)
FN:33,(anonymous_2)
FN:45,(anonymous_3)
FN:49,(anonymous_4)
FN:64,(anonymous_5)
FN:65,(anonymous_6)
FN:68,(anonymous_7)
FN:91,(anonymous_8)
FN:103,(anonymous_9)
FN:111,(anonymous_10)
FN:119,(anonymous_11)
FN:132,(anonymous_12)
FN:140,(anonymous_13)
FN:148,(anonymous_14)
FN:158,(anonymous_15)
FN:168,(anonymous_16)
FN:175,(anonymous_17)
FNF:18
FNH:0
FNDA:0,(anonymous_0)
FNDA:0,(anonymous_1)
FNDA:0,(anonymous_2)
FNDA:0,(anonymous_3)
FNDA:0,(anonymous_4)
FNDA:0,(anonymous_5)
FNDA:0,(anonymous_6)
FNDA:0,(anonymous_7)
FNDA:0,(anonymous_8)
FNDA:0,(anonymous_9)
FNDA:0,(anonymous_10)
FNDA:0,(anonymous_11)
FNDA:0,(anonymous_12)
FNDA:0,(anonymous_13)
FNDA:0,(anonymous_14)
FNDA:0,(anonymous_15)
FNDA:0,(anonymous_16)
FNDA:0,(anonymous_17)
DA:20,0
DA:21,0
DA:22,0
DA:23,0
DA:26,0
DA:27,0
DA:30,0
DA:31,0
DA:32,0
DA:34,0
DA:43,0
DA:44,0
DA:45,0
DA:49,0
DA:50,0
DA:52,0
DA:54,0
DA:57,0
DA:61,0
DA:64,0
DA:65,0
DA:68,0
DA:69,0
DA:91,0
DA:103,0
DA:111,0
DA:119,0
DA:132,0
DA:140,0
DA:148,0
DA:158,0
DA:159,0
DA:168,0
DA:170,0
DA:175,0
DA:189,0
LF:36
LH:0
BRDA:30,0,0,0
BRDA:30,0,1,0
BRDA:34,1,0,0
BRDA:34,1,1,0
BRDA:34,1,2,0
BRDA:34,1,3,0
BRDA:34,1,4,0
BRDA:43,2,0,0
BRDA:43,2,1,0
BRDA:44,3,0,0
BRDA:44,3,1,0
BRDA:50,4,0,0
BRDA:50,4,1,0
BRDA:50,4,2,0
BRDA:50,4,3,0
BRDA:74,5,0,0
BRDA:74,5,1,0
BRDA:74,6,0,0
BRDA:74,6,1,0
BRDA:88,7,0,0
BRDA:88,7,1,0
BRDA:102,8,0,0
BRDA:102,8,1,0
BRDA:105,9,0,0
BRDA:105,9,1,0
BRDA:110,10,0,0
BRDA:110,10,1,0
BRDA:113,11,0,0
BRDA:113,11,1,0
BRDA:118,12,0,0
BRDA:118,12,1,0
BRDA:121,13,0,0
BRDA:121,13,1,0
BRDA:131,14,0,0
BRDA:131,14,1,0
BRDA:134,15,0,0
BRDA:134,15,1,0
BRDA:139,16,0,0
BRDA:139,16,1,0
BRDA:142,17,0,0
BRDA:142,17,1,0
BRDA:147,18,0,0
BRDA:147,18,1,0
BRDA:150,19,0,0
BRDA:150,19,1,0
BRF:45
BRH:0
end_of_record
TN:
SF:src\components\quran\planner\CreatePlanModal.tsx
FN:70,(anonymous_0)
FN:88,(anonymous_1)
FN:94,(anonymous_2)
FN:107,(anonymous_3)
FN:116,(anonymous_4)
FN:121,(anonymous_5)
FN:139,(anonymous_6)
FN:159,(anonymous_7)
FN:199,(anonymous_8)
FN:206,(anonymous_9)
FN:230,(anonymous_10)
FN:241,(anonymous_11)
FN:265,(anonymous_12)
FN:272,(anonymous_13)
FN:305,(anonymous_14)
FNF:15
FNH:0
FNDA:0,(anonymous_0)
FNDA:0,(anonymous_1)
FNDA:0,(anonymous_2)
FNDA:0,(anonymous_3)
FNDA:0,(anonymous_4)
FNDA:0,(anonymous_5)
FNDA:0,(anonymous_6)
FNDA:0,(anonymous_7)
FNDA:0,(anonymous_8)
FNDA:0,(anonymous_9)
FNDA:0,(anonymous_10)
FNDA:0,(anonymous_11)
FNDA:0,(anonymous_12)
FNDA:0,(anonymous_13)
FNDA:0,(anonymous_14)
DA:23,0
DA:37,0
DA:70,0
DA:75,0
DA:76,0
DA:77,0
DA:78,0
DA:81,0
DA:82,0
DA:83,0
DA:84,0
DA:85,0
DA:88,0
DA:89,0
DA:90,0
DA:93,0
DA:94,0
DA:97,0
DA:98,0
DA:101,0
DA:102,0
DA:107,0
DA:108,0
DA:109,0
DA:110,0
DA:111,0
DA:112,0
DA:113,0
DA:116,0
DA:117,0
DA:118,0
DA:121,0
DA:122,0
DA:123,0
DA:124,0
DA:131,0
DA:133,0
DA:135,0
DA:139,0
DA:140,0
DA:142,0
DA:143,0
DA:144,0
DA:151,0
DA:153,0
DA:155,0
DA:159,0
DA:160,0
DA:162,0
DA:164,0
DA:166,0
DA:170,0
DA:200,0
DA:206,0
DA:230,0
DA:241,0
DA:266,0
DA:272,0
DA:305,0
DA:364,0
LF:60
LH:0
BRDA:89,0,0,0
BRDA:89,0,1,0
BRDA:89,1,0,0
BRDA:89,1,1,0
BRDA:94,2,0,0
BRDA:94,2,1,0
BRDA:97,3,0,0
BRDA:97,3,1,0
BRDA:140,4,0,0
BRDA:140,4,1,0
BRDA:140,5,0,0
BRDA:140,5,1,0
BRDA:148,6,0,0
BRDA:148,6,1,0
BRDA:148,7,0,0
BRDA:148,7,1,0
BRDA:160,8,0,0
BRDA:160,8,1,0
BRDA:160,8,2,0
BRDA:188,9,0,0
BRDA:188,9,1,0
BRDA:192,10,0,0
BRDA:192,10,1,0
BRDA:204,11,0,0
BRDA:204,11,1,0
BRDA:212,12,0,0
BRDA:212,12,1,0
BRDA:220,13,0,0
BRDA:220,13,1,0
BRDA:270,14,0,0
BRDA:270,14,1,0
BRDA:277,15,0,0
BRDA:277,15,1,0
BRDA:311,16,0,0
BRDA:311,16,1,0
BRDA:317,17,0,0
BRDA:317,17,1,0
BRDA:324,18,0,0
BRDA:324,18,1,0
BRDA:344,19,0,0
BRDA:344,19,1,0
BRDA:344,19,2,0
BRDA:347,20,0,0
BRDA:347,20,1,0
BRDA:347,20,2,0
BRDA:349,21,0,0
BRDA:349,21,1,0
BRF:47
BRH:0
end_of_record
TN:
SF:src\components\quran\planner\PlanCard.tsx
FN:19,(anonymous_0)
FN:25,(anonymous_1)
FN:38,(anonymous_2)
FN:132,(anonymous_3)
FN:142,(anonymous_4)
FNF:5
FNH:0
FNDA:0,(anonymous_0)
FNDA:0,(anonymous_1)
FNDA:0,(anonymous_2)
FNDA:0,(anonymous_3)
FNDA:0,(anonymous_4)
DA:19,0
DA:25,0
DA:26,0
DA:28,0
DA:30,0
DA:32,0
DA:34,0
DA:38,0
DA:39,0
DA:40,0
DA:43,0
DA:44,0
DA:46,0
DA:133,0
DA:134,0
DA:143,0
DA:144,0
DA:157,0
LF:18
LH:0
BRDA:26,0,0,0
BRDA:26,0,1,0
BRDA:26,0,2,0
BRDA:26,0,3,0
BRDA:39,1,0,0
BRDA:39,1,1,0
BRDA:50,2,0,0
BRDA:50,2,1,0
BRDA:51,3,0,0
BRDA:51,3,1,0
BRDA:60,4,0,0
BRDA:60,4,1,0
BRDA:60,4,2,0
BRDA:65,5,0,0
BRDA:65,5,1,0
BRDA:81,6,0,0
BRDA:81,6,1,0
BRDA:92,7,0,0
BRDA:92,7,1,0
BRDA:107,8,0,0
BRDA:107,8,1,0
BRDA:119,9,0,0
BRDA:119,9,1,0
BRDA:119,9,2,0
BRDA:127,10,0,0
BRDA:127,10,1,0
BRDA:129,11,0,0
BRDA:129,11,1,0
BRF:28
BRH:0
end_of_record
TN:
SF:src\components\quran\planner\PlannerTab.tsx
FN:26,(anonymous_0)
FN:39,(anonymous_1)
FN:47,(anonymous_2)
FN:56,(anonymous_3)
FN:68,(anonymous_4)
FN:112,(anonymous_5)
FN:113,(anonymous_6)
FN:114,(anonymous_7)
FN:135,(anonymous_8)
FN:152,(anonymous_9)
FN:165,(anonymous_10)
FN:169,(anonymous_11)
FN:179,(anonymous_12)
FN:183,(anonymous_13)
FN:184,(anonymous_14)
FN:196,(anonymous_15)
FN:200,(anonymous_16)
FN:235,(anonymous_17)
FNF:18
FNH:0
FNDA:0,(anonymous_0)
FNDA:0,(anonymous_1)
FNDA:0,(anonymous_2)
FNDA:0,(anonymous_3)
FNDA:0,(anonymous_4)
FNDA:0,(anonymous_5)
FNDA:0,(anonymous_6)
FNDA:0,(anonymous_7)
FNDA:0,(anonymous_8)
FNDA:0,(anonymous_9)
FNDA:0,(anonymous_10)
FNDA:0,(anonymous_11)
FNDA:0,(anonymous_12)
FNDA:0,(anonymous_13)
FNDA:0,(anonymous_14)
FNDA:0,(anonymous_15)
FNDA:0,(anonymous_16)
FNDA:0,(anonymous_17)
DA:26,0
DA:35,0
DA:37,0
DA:39,0
DA:40,0
DA:41,0
DA:43,0
DA:47,0
DA:48,0
DA:57,0
DA:58,0
DA:60,0
DA:68,0
DA:69,0
DA:71,0
DA:72,0
DA:75,0
DA:77,0
DA:81,0
DA:82,0
DA:93,0
DA:94,0
DA:102,0
DA:103,0
DA:112,0
DA:113,0
DA:114,0
DA:116,0
DA:135,0
DA:152,0
DA:166,0
DA:169,0
DA:180,0
DA:183,0
DA:184,0
DA:197,0
DA:200,0
DA:235,0
DA:242,0
LF:39
LH:0
BRDA:71,0,0,0
BRDA:71,0,1,0
BRDA:81,1,0,0
BRDA:81,1,1,0
BRDA:93,2,0,0
BRDA:93,2,1,0
BRDA:102,3,0,0
BRDA:102,3,1,0
BRDA:112,4,0,0
BRDA:112,4,1,0
BRDA:114,5,0,0
BRDA:114,5,1,0
BRDA:128,6,0,0
BRDA:128,6,1,0
BRDA:130,7,0,0
BRDA:130,7,1,0
BRDA:141,8,0,0
BRDA:141,8,1,0
BRDA:162,9,0,0
BRDA:162,9,1,0
BRDA:176,10,0,0
BRDA:176,10,1,0
BRDA:191,11,0,0
BRDA:191,11,1,0
BRF:24
BRH:0
end_of_record
TN:
SF:src\components\quran\today\CurrentReadingCard.tsx
FN:27,(anonymous_0)
FN:33,(anonymous_1)
FN:41,(anonymous_2)
FN:64,(anonymous_3)
FN:70,(anonymous_4)
FN:72,(anonymous_5)
FN:75,(anonymous_6)
FNF:7
FNH:0
FNDA:0,(anonymous_0)
FNDA:0,(anonymous_1)
FNDA:0,(anonymous_2)
FNDA:0,(anonymous_3)
FNDA:0,(anonymous_4)
FNDA:0,(anonymous_5)
FNDA:0,(anonymous_6)
DA:15,0
DA:27,0
DA:28,0
DA:29,0
DA:30,0
DA:33,0
DA:34,0
DA:35,0
DA:36,0
DA:41,0
DA:42,0
DA:43,0
DA:44,0
DA:46,0
DA:47,0
DA:52,0
DA:54,0
DA:57,0
DA:60,0
DA:64,0
DA:65,0
DA:66,0
DA:70,0
DA:71,0
DA:72,0
DA:75,0
DA:76,0
DA:78,0
DA:79,0
DA:80,0
DA:81,0
DA:83,0
DA:84,0
DA:85,0
DA:86,0
DA:88,0
DA:89,0
DA:93,0
DA:94,0
DA:103,0
DA:104,0
DA:117,0
DA:119,0
DA:195,0
LF:44
LH:0
BRDA:34,0,0,0
BRDA:34,0,1,0
BRDA:46,1,0,0
BRDA:46,1,1,0
BRDA:65,2,0,0
BRDA:65,2,1,0
BRDA:65,3,0,0
BRDA:65,3,1,0
BRDA:71,4,0,0
BRDA:71,4,1,0
BRDA:76,5,0,0
BRDA:76,5,1,0
BRDA:83,6,0,0
BRDA:83,6,1,0
BRDA:84,7,0,0
BRDA:84,7,1,0
BRDA:85,8,0,0
BRDA:85,8,1,0
BRDA:86,9,0,0
BRDA:86,9,1,0
BRDA:89,10,0,0
BRDA:89,10,1,0
BRDA:89,11,0,0
BRDA:89,11,1,0
BRDA:93,12,0,0
BRDA:93,12,1,0
BRDA:103,13,0,0
BRDA:103,13,1,0
BRDA:144,14,0,0
BRDA:144,14,1,0
BRDA:173,15,0,0
BRDA:173,15,1,0
BRF:32
BRH:0
end_of_record
TN:
SF:src\components\quran\today\DailyGoalCard.tsx
FN:22,(anonymous_0)
FN:25,(anonymous_1)
FN:28,(anonymous_2)
FN:35,(anonymous_3)
FN:42,(anonymous_4)
FN:50,(anonymous_5)
FN:51,(anonymous_6)
FN:66,(anonymous_7)
FN:96,(anonymous_8)
FNF:9
FNH:0
FNDA:0,(anonymous_0)
FNDA:0,(anonymous_1)
FNDA:0,(anonymous_2)
FNDA:0,(anonymous_3)
FNDA:0,(anonymous_4)
FNDA:0,(anonymous_5)
FNDA:0,(anonymous_6)
FNDA:0,(anonymous_7)
FNDA:0,(anonymous_8)
DA:16,0
DA:22,0
DA:23,0
DA:24,0
DA:25,0
DA:26,0
DA:28,0
DA:29,0
DA:30,0
DA:31,0
DA:35,0
DA:36,0
DA:37,0
DA:42,0
DA:43,0
DA:44,0
DA:45,0
DA:50,0
DA:51,0
DA:52,0
DA:53,0
DA:54,0
DA:55,0
DA:57,0
DA:59,0
DA:63,0
DA:64,0
DA:66,0
DA:69,0
DA:70,0
DA:82,0
DA:86,0
DA:89,0
DA:90,0
DA:91,0
DA:92,0
DA:93,0
DA:96,0
DA:97,0
DA:99,0
DA:101,0
DA:103,0
DA:105,0
DA:109,0
DA:184,0
LF:45
LH:0
BRDA:36,0,0,0
BRDA:36,0,1,0
BRDA:43,1,0,0
BRDA:43,1,1,0
BRDA:43,2,0,0
BRDA:43,2,1,0
BRDA:53,3,0,0
BRDA:53,3,1,0
BRDA:69,4,0,0
BRDA:69,4,1,0
BRDA:82,5,0,0
BRDA:82,5,1,0
BRDA:97,6,0,0
BRDA:97,6,1,0
BRDA:97,6,2,0
BRDA:97,6,3,0
BRDA:135,7,0,0
BRDA:135,7,1,0
BRDA:160,8,0,0
BRDA:160,8,1,0
BRDA:172,9,0,0
BRDA:172,9,1,0
BRF:22
BRH:0
end_of_record
TN:
SF:src\components\quran\today\QuickLogButton.tsx
FN:30,(anonymous_0)
FN:42,(anonymous_1)
FN:46,(anonymous_2)
FN:51,(anonymous_3)
FN:61,(anonymous_4)
FN:72,(anonymous_5)
FN:110,(anonymous_6)
FN:111,(anonymous_7)
FN:150,(anonymous_8)
FN:151,(anonymous_9)
FN:168,(anonymous_10)
FN:169,(anonymous_11)
FN:187,(anonymous_12)
FN:188,(anonymous_13)
FN:203,(anonymous_14)
FN:204,(anonymous_15)
FN:225,(anonymous_16)
FN:226,(anonymous_17)
FN:241,(anonymous_18)
FN:242,(anonymous_19)
FNF:20
FNH:0
FNDA:0,(anonymous_0)
FNDA:0,(anonymous_1)
FNDA:0,(anonymous_2)
FNDA:0,(anonymous_3)
FNDA:0,(anonymous_4)
FNDA:0,(anonymous_5)
FNDA:0,(anonymous_6)
FNDA:0,(anonymous_7)
FNDA:0,(anonymous_8)
FNDA:0,(anonymous_9)
FNDA:0,(anonymous_10)
FNDA:0,(anonymous_11)
FNDA:0,(anonymous_12)
FNDA:0,(anonymous_13)
FNDA:0,(anonymous_14)
FNDA:0,(anonymous_15)
FNDA:0,(anonymous_16)
FNDA:0,(anonymous_17)
FNDA:0,(anonymous_18)
FNDA:0,(anonymous_19)
DA:23,0
DA:30,0
DA:31,0
DA:32,0
DA:33,0
DA:40,0
DA:42,0
DA:43,0
DA:46,0
DA:47,0
DA:48,0
DA:51,0
DA:52,0
DA:61,0
DA:63,0
DA:64,0
DA:67,0
DA:68,0
DA:69,0
DA:72,0
DA:73,0
DA:74,0
DA:75,0
DA:78,0
DA:79,0
DA:83,0
DA:86,0
DA:88,0
DA:89,0
DA:99,0
DA:100,0
DA:101,0
DA:103,0
DA:104,0
DA:106,0
DA:110,0
DA:111,0
DA:114,0
DA:151,0
DA:169,0
DA:188,0
DA:204,0
DA:226,0
DA:242,0
DA:281,0
LF:45
LH:0
BRDA:63,0,0,0
BRDA:63,0,1,0
BRDA:64,1,0,0
BRDA:64,1,1,0
BRDA:67,2,0,0
BRDA:67,2,1,0
BRDA:73,3,0,0
BRDA:73,3,1,0
BRDA:78,4,0,0
BRDA:78,4,1,0
BRDA:93,5,0,0
BRDA:93,5,1,0
BRDA:94,6,0,0
BRDA:94,6,1,0
BRDA:251,7,0,0
BRDA:251,7,1,0
BRDA:264,8,0,0
BRDA:264,8,1,0
BRDA:270,9,0,0
BRDA:270,9,1,0
BRF:20
BRH:0
end_of_record
TN:
SF:src\components\quran\today\StatisticsCard.tsx
FN:33,(anonymous_0)
FN:35,(anonymous_1)
FN:43,(anonymous_2)
FNF:3
FNH:0
FNDA:0,(anonymous_0)
FNDA:0,(anonymous_1)
FNDA:0,(anonymous_2)
DA:33,0
DA:35,0
DA:36,0
DA:37,0
DA:38,0
DA:39,0
DA:43,0
DA:44,0
DA:47,0
DA:163,0
LF:10
LH:0
BRDA:36,0,0,0
BRDA:36,0,1,0
BRDA:39,1,0,0
BRDA:39,1,1,0
BRDA:148,2,0,0
BRDA:148,2,1,0
BRDA:151,3,0,0
BRDA:151,3,1,0
BRDA:153,4,0,0
BRDA:153,4,1,0
BRF:10
BRH:0
end_of_record
TN:
SF:src\components\sunnah\BenchmarksTab.tsx
FN:66,(anonymous_0)
FN:70,(anonymous_1)
FN:76,(anonymous_2)
FN:79,(anonymous_3)
FN:82,(anonymous_4)
FN:85,(anonymous_5)
FN:163,(anonymous_6)
FN:186,(anonymous_7)
FNF:8
FNH:0
FNDA:0,(anonymous_0)
FNDA:0,(anonymous_1)
FNDA:0,(anonymous_2)
FNDA:0,(anonymous_3)
FNDA:0,(anonymous_4)
FNDA:0,(anonymous_5)
FNDA:0,(anonymous_6)
FNDA:0,(anonymous_7)
DA:18,0
DA:66,0
DA:67,0
DA:70,0
DA:71,0
DA:76,0
DA:77,0
DA:78,0
DA:79,0
DA:81,0
DA:82,0
DA:84,0
DA:85,0
DA:88,0
DA:97,0
DA:99,0
DA:164,0
DA:187,0
DA:262,0
LF:19
LH:0
BRDA:79,0,0,0
BRDA:79,0,1,0
BRDA:82,1,0,0
BRDA:82,1,1,0
BRDA:85,2,0,0
BRDA:85,2,1,0
BRDA:121,3,0,0
BRDA:121,3,1,0
BRF:8
BRH:0
end_of_record
TN:
SF:src\components\sunnah\InsightsTab.tsx
FN:20,(anonymous_0)
FN:24,(anonymous_1)
FN:241,(anonymous_2)
FN:278,(anonymous_3)
FNF:4
FNH:0
FNDA:0,(anonymous_0)
FNDA:0,(anonymous_1)
FNDA:0,(anonymous_2)
FNDA:0,(anonymous_3)
DA:20,0
DA:21,0
DA:22,0
DA:24,0
DA:25,0
DA:26,0
DA:27,0
DA:29,0
DA:34,0
DA:35,0
DA:44,0
DA:45,0
DA:65,0
DA:66,0
DA:69,0
DA:71,0
DA:242,0
DA:279,0
DA:326,0
LF:19
LH:0
BRDA:34,0,0,0
BRDA:34,0,1,0
BRDA:34,1,0,0
BRDA:34,1,1,0
BRDA:44,2,0,0
BRDA:44,2,1,0
BRDA:44,3,0,0
BRDA:44,3,1,0
BRDA:65,4,0,0
BRDA:65,4,1,0
BRDA:96,5,0,0
BRDA:96,5,1,0
BRDA:98,6,0,0
BRDA:98,6,1,0
BRDA:112,7,0,0
BRDA:112,7,1,0
BRDA:114,8,0,0
BRDA:114,8,1,0
BRDA:148,9,0,0
BRDA:148,9,1,0
BRDA:168,10,0,0
BRDA:168,10,1,0
BRDA:188,11,0,0
BRDA:188,11,1,0
BRDA:224,12,0,0
BRDA:224,12,1,0
BRDA:236,13,0,0
BRDA:236,13,1,0
BRDA:249,14,0,0
BRDA:249,14,1,0
BRDA:257,15,0,0
BRDA:257,15,1,0
BRDA:259,16,0,0
BRDA:259,16,1,0
BRDA:261,17,0,0
BRDA:261,17,1,0
BRDA:273,18,0,0
BRDA:273,18,1,0
BRDA:285,19,0,0
BRDA:285,19,1,0
BRDA:287,20,0,0
BRDA:287,20,1,0
BRDA:289,21,0,0
BRDA:289,21,1,0
BRDA:291,22,0,0
BRDA:291,22,1,0
BRDA:293,23,0,0
BRDA:293,23,1,0
BRDA:312,24,0,0
BRDA:312,24,1,0
BRDA:314,25,0,0
BRDA:314,25,1,0
BRF:52
BRH:0
end_of_record
TN:
SF:src\components\sunnah\LibraryTab.tsx
FN:36,(anonymous_0)
FN:42,(anonymous_1)
FN:47,(anonymous_2)
FN:57,(anonymous_3)
FN:68,(anonymous_4)
FN:79,(anonymous_5)
FN:89,(anonymous_6)
FN:95,(anonymous_7)
FN:99,(anonymous_8)
FN:101,(anonymous_9)
FN:151,(anonymous_10)
FN:173,(anonymous_11)
FN:180,(anonymous_12)
FN:197,(anonymous_13)
FN:221,(anonymous_14)
FN:228,(anonymous_15)
FN:241,(anonymous_16)
FN:259,(anonymous_17)
FN:272,(anonymous_18)
FNF:19
FNH:0
FNDA:0,(anonymous_0)
FNDA:0,(anonymous_1)
FNDA:0,(anonymous_2)
FNDA:0,(anonymous_3)
FNDA:0,(anonymous_4)
FNDA:0,(anonymous_5)
FNDA:0,(anonymous_6)
FNDA:0,(anonymous_7)
FNDA:0,(anonymous_8)
FNDA:0,(anonymous_9)
FNDA:0,(anonymous_10)
FNDA:0,(anonymous_11)
FNDA:0,(anonymous_12)
FNDA:0,(anonymous_13)
FNDA:0,(anonymous_14)
FNDA:0,(anonymous_15)
FNDA:0,(anonymous_16)
FNDA:0,(anonymous_17)
FNDA:0,(anonymous_18)
DA:24,0
DA:26,0
DA:36,0
DA:37,0
DA:38,0
DA:39,0
DA:42,0
DA:43,0
DA:47,0
DA:48,0
DA:49,0
DA:50,0
DA:52,0
DA:56,0
DA:58,0
DA:59,0
DA:61,0
DA:67,0
DA:69,0
DA:70,0
DA:72,0
DA:78,0
DA:80,0
DA:81,0
DA:83,0
DA:89,0
DA:90,0
DA:94,0
DA:95,0
DA:99,0
DA:101,0
DA:105,0
DA:106,0
DA:115,0
DA:116,0
DA:136,0
DA:151,0
DA:174,0
DA:180,0
DA:197,0
DA:221,0
DA:229,0
DA:242,0
DA:260,0
DA:272,0
DA:306,0
LF:46
LH:0
BRDA:94,0,0,0
BRDA:94,0,1,0
BRDA:105,1,0,0
BRDA:105,1,1,0
BRDA:105,2,0,0
BRDA:105,2,1,0
BRDA:115,3,0,0
BRDA:115,3,1,0
BRDA:115,4,0,0
BRDA:115,4,1,0
BRDA:149,5,0,0
BRDA:149,5,1,0
BRDA:157,6,0,0
BRDA:157,6,1,0
BRDA:165,7,0,0
BRDA:165,7,1,0
BRDA:178,8,0,0
BRDA:178,8,1,0
BRDA:186,9,0,0
BRDA:186,9,1,0
BRDA:194,10,0,0
BRDA:194,10,1,0
BRDA:217,11,0,0
BRDA:217,11,1,0
BRDA:224,12,0,0
BRDA:224,12,1,0
BRDA:254,13,0,0
BRDA:254,13,1,0
BRDA:269,14,0,0
BRDA:269,14,1,0
BRDA:289,15,0,0
BRDA:289,15,1,0
BRF:32
BRH:0
end_of_record
TN:
SF:src\components\sunnah\SunnahCard.tsx
FN:40,(anonymous_0)
FN:53,(anonymous_1)
FN:57,(anonymous_2)
FN:65,(anonymous_3)
FN:71,(anonymous_4)
FN:175,(anonymous_5)
FN:177,(anonymous_6)
FN:178,(anonymous_7)
FN:188,(anonymous_8)
FN:218,(anonymous_9)
FN:249,(anonymous_10)
FN:285,(anonymous_11)
FN:317,(anonymous_12)
FNF:13
FNH:0
FNDA:0,(anonymous_0)
FNDA:0,(anonymous_1)
FNDA:0,(anonymous_2)
FNDA:0,(anonymous_3)
FNDA:0,(anonymous_4)
FNDA:0,(anonymous_5)
FNDA:0,(anonymous_6)
FNDA:0,(anonymous_7)
FNDA:0,(anonymous_8)
FNDA:0,(anonymous_9)
FNDA:0,(anonymous_10)
FNDA:0,(anonymous_11)
FNDA:0,(anonymous_12)
DA:28,0
DA:34,0
DA:40,0
DA:47,0
DA:48,0
DA:50,0
DA:51,0
DA:53,0
DA:54,0
DA:57,0
DA:58,0
DA:59,0
DA:60,0
DA:61,0
DA:65,0
DA:66,0
DA:67,0
DA:71,0
DA:72,0
DA:73,0
DA:74,0
DA:75,0
DA:76,0
DA:80,0
DA:175,0
DA:177,0
DA:178,0
DA:188,0
DA:218,0
DA:249,0
DA:285,0
DA:318,0
DA:360,0
LF:33
LH:0
BRDA:45,0,0,0
BRDA:58,1,0,0
BRDA:58,1,1,0
BRDA:66,2,0,0
BRDA:66,2,1,0
BRDA:73,3,0,0
BRDA:73,3,1,0
BRDA:73,4,0,0
BRDA:73,4,1,0
BRDA:75,5,0,0
BRDA:75,5,1,0
BRDA:75,6,0,0
BRDA:75,6,1,0
BRDA:85,7,0,0
BRDA:85,7,1,0
BRDA:86,8,0,0
BRDA:86,8,1,0
BRDA:94,9,0,0
BRDA:94,9,1,0
BRDA:106,10,0,0
BRDA:106,10,1,0
BRDA:106,10,2,0
BRDA:113,11,0,0
BRDA:113,11,1,0
BRDA:115,12,0,0
BRDA:115,12,1,0
BRDA:120,13,0,0
BRDA:120,13,1,0
BRDA:133,14,0,0
BRDA:133,14,1,0
BRDA:140,15,0,0
BRDA:140,15,1,0
BRDA:152,16,0,0
BRDA:152,16,1,0
BRDA:162,17,0,0
BRDA:162,17,1,0
BRDA:183,18,0,0
BRDA:183,18,1,0
BRDA:214,19,0,0
BRDA:214,19,1,0
BRDA:229,20,0,0
BRDA:229,20,1,0
BRDA:245,21,0,0
BRDA:245,21,1,0
BRDA:263,22,0,0
BRDA:263,22,1,0
BRDA:281,23,0,0
BRDA:281,23,1,0
BRDA:299,24,0,0
BRDA:299,24,1,0
BRDA:314,25,0,0
BRDA:314,25,1,0
BRDA:314,25,2,0
BRDA:335,26,0,0
BRDA:335,26,1,0
BRDA:336,27,0,0
BRDA:336,27,1,0
BRDA:344,28,0,0
BRDA:344,28,1,0
BRF:59
BRH:0
end_of_record
TN:
SF:src\components\sunnah\TodayTab.tsx
FN:28,(anonymous_0)
FN:43,(anonymous_1)
FN:49,(anonymous_2)
FN:56,(anonymous_3)
FN:68,(anonymous_4)
FN:79,(anonymous_5)
FN:90,(anonymous_6)
FN:206,(anonymous_7)
FN:229,(anonymous_8)
FN:230,(anonymous_9)
FN:233,(anonymous_10)
FNF:11
FNH:0
FNDA:0,(anonymous_0)
FNDA:0,(anonymous_1)
FNDA:0,(anonymous_2)
FNDA:0,(anonymous_3)
FNDA:0,(anonymous_4)
FNDA:0,(anonymous_5)
FNDA:0,(anonymous_6)
FNDA:0,(anonymous_7)
FNDA:0,(anonymous_8)
FNDA:0,(anonymous_9)
FNDA:0,(anonymous_10)
DA:22,0
DA:28,0
DA:38,0
DA:40,0
DA:43,0
DA:44,0
DA:49,0
DA:50,0
DA:52,0
DA:55,0
DA:57,0
DA:58,0
DA:59,0
DA:61,0
DA:67,0
DA:69,0
DA:70,0
DA:72,0
DA:78,0
DA:80,0
DA:81,0
DA:83,0
DA:90,0
DA:91,0
DA:92,0
DA:93,0
DA:95,0
DA:100,0
DA:101,0
DA:110,0
DA:111,0
DA:131,0
DA:207,0
DA:230,0
DA:234,0
DA:253,0
LF:36
LH:0
BRDA:52,0,0,0
BRDA:52,0,1,0
BRDA:100,1,0,0
BRDA:100,1,1,0
BRDA:100,2,0,0
BRDA:100,2,1,0
BRDA:110,3,0,0
BRDA:110,3,1,0
BRDA:110,4,0,0
BRDA:110,4,1,0
BRDA:166,5,0,0
BRDA:166,5,1,0
BRDA:175,6,0,0
BRDA:175,6,1,0
BRDA:189,7,0,0
BRDA:189,7,1,0
BRDA:191,8,0,0
BRDA:191,8,1,0
BRDA:196,9,0,0
BRDA:196,9,1,0
BRDA:220,10,0,0
BRDA:220,10,1,0
BRDA:230,11,0,0
BRDA:230,11,1,0
BRF:24
BRH:0
end_of_record
TN:
SF:src\constants\hadith.ts
FN:399,(anonymous_0)
FN:404,(anonymous_1)
FN:411,(anonymous_2)
FNF:3
FNH:0
FNDA:0,(anonymous_0)
FNDA:0,(anonymous_1)
FNDA:0,(anonymous_2)
DA:27,0
DA:245,0
DA:399,0
DA:400,0
DA:404,0
DA:405,0
DA:406,0
DA:407,0
DA:411,0
DA:412,0
DA:413,0
LF:11
LH:0
BRDA:400,0,0,0
BRDA:400,0,1,0
BRDA:406,1,0,0
BRDA:406,1,1,0
BRDA:412,2,0,0
BRDA:412,2,1,0
BRF:6
BRH:0
end_of_record
TN:
SF:src\constants\messages.ts
FN:45,(anonymous_0)
FN:53,(anonymous_1)
FNF:2
FNH:0
FNDA:0,(anonymous_0)
FNDA:0,(anonymous_1)
DA:10,0
DA:23,0
DA:36,0
DA:45,0
DA:46,0
DA:47,0
DA:53,0
DA:54,0
DA:55,0
LF:9
LH:0
BRF:0
BRH:0
end_of_record
TN:
SF:src\constants\points.ts
FN:96,(anonymous_0)
FNF:1
FNH:0
FNDA:0,(anonymous_0)
DA:10,0
DA:29,0
DA:34,0
DA:40,0
DA:62,0
DA:69,0
DA:75,0
DA:96,0
DA:97,0
DA:98,0
DA:99,0
DA:100,0
DA:102,0
LF:13
LH:0
BRDA:97,0,0,0
BRDA:97,0,1,0
BRDA:99,1,0,0
BRDA:99,1,1,0
BRF:4
BRH:0
end_of_record
TN:
SF:src\constants\prayers.ts
FNF:0
FNH:0
DA:11,0
DA:22,0
DA:33,0
LF:3
LH:0
BRF:0
BRH:0
end_of_record
TN:
SF:src\constants\quran.ts
FN:132,(anonymous_0)
FN:133,(anonymous_1)
FN:139,(anonymous_2)
FN:140,(anonymous_3)
FN:146,(anonymous_4)
FN:147,(anonymous_5)
FN:153,(anonymous_6)
FN:154,(anonymous_7)
FNF:8
FNH:0
FNDA:0,(anonymous_0)
FNDA:0,(anonymous_1)
FNDA:0,(anonymous_2)
FNDA:0,(anonymous_3)
FNDA:0,(anonymous_4)
FNDA:0,(anonymous_5)
FNDA:0,(anonymous_6)
FNDA:0,(anonymous_7)
DA:12,0
DA:132,0
DA:133,0
DA:139,0
DA:140,0
DA:146,0
DA:147,0
DA:153,0
DA:154,0
DA:160,0
DA:165,0
DA:170,0
DA:175,0
DA:249,0
DA:265,0
DA:296,0
DA:306,0
DA:314,0
LF:18
LH:0
BRF:0
BRH:0
end_of_record
TN:
SF:src\constants\theme.ts
FNF:0
FNH:0
DA:6,0
DA:103,0
DA:112,0
DA:120,0
DA:156,0
DA:181,0
DA:218,0
DA:233,0
DA:240,0
DA:246,0
LF:10
LH:0
BRF:0
BRH:0
end_of_record
TN:
SF:src\hooks\useBookmarks.ts
FN:33,(anonymous_0)
FN:41,(anonymous_1)
FN:73,(anonymous_2)
FN:104,(anonymous_3)
FN:131,(anonymous_4)
FN:133,(anonymous_5)
FN:143,(anonymous_6)
FN:165,(anonymous_7)
FN:172,(anonymous_8)
FNF:9
FNH:0
FNDA:0,(anonymous_0)
FNDA:0,(anonymous_1)
FNDA:0,(anonymous_2)
FNDA:0,(anonymous_3)
FNDA:0,(anonymous_4)
FNDA:0,(anonymous_5)
FNDA:0,(anonymous_6)
FNDA:0,(anonymous_7)
FNDA:0,(anonymous_8)
DA:11,0
DA:33,0
DA:34,0
DA:35,0
DA:36,0
DA:41,0
DA:42,0
DA:43,0
DA:44,0
DA:45,0
DA:48,0
DA:49,0
DA:51,0
DA:52,0
DA:58,0
DA:60,0
DA:62,0
DA:63,0
DA:65,0
DA:72,0
DA:74,0
DA:76,0
DA:77,0
DA:88,0
DA:90,0
DA:91,0
DA:93,0
DA:94,0
DA:103,0
DA:105,0
DA:107,0
DA:108,0
DA:115,0
DA:117,0
DA:118,0
DA:120,0
DA:121,0
DA:130,0
DA:132,0
DA:133,0
DA:142,0
DA:144,0
DA:145,0
DA:150,0
DA:152,0
DA:153,0
DA:155,0
DA:156,0
DA:165,0
DA:166,0
DA:172,0
DA:173,0
DA:174,0
DA:178,0
LF:54
LH:0
BRDA:42,0,0,0
BRDA:42,0,1,0
BRDA:58,1,0,0
BRDA:58,1,1,0
BRDA:60,2,0,0
BRDA:60,2,1,0
BRDA:74,3,0,0
BRDA:74,3,1,0
BRDA:84,4,0,0
BRDA:84,4,1,0
BRDA:88,5,0,0
BRDA:88,5,1,0
BRDA:105,6,0,0
BRDA:105,6,1,0
BRDA:115,7,0,0
BRDA:115,7,1,0
BRDA:133,8,0,0
BRDA:133,8,1,0
BRDA:150,9,0,0
BRDA:150,9,1,0
BRDA:173,10,0,0
BRDA:173,10,1,0
BRF:22
BRH:0
end_of_record
TN:
SF:src\hooks\useGreeting.ts
FN:24,getGreetingForHour
FN:75,useGreeting
FN:79,(anonymous_2)
FN:84,(anonymous_3)
FN:86,(anonymous_4)
FN:91,(anonymous_5)
FN:102,(anonymous_6)
FN:118,useIslamicGreeting
FNF:8
FNH:0
FNDA:0,getGreetingForHour
FNDA:0,useGreeting
FNDA:0,(anonymous_2)
FNDA:0,(anonymous_3)
FNDA:0,(anonymous_4)
FNDA:0,(anonymous_5)
FNDA:0,(anonymous_6)
FNDA:0,useIslamicGreeting
DA:26,0
DA:27,0
DA:36,0
DA:37,0
DA:46,0
DA:47,0
DA:56,0
DA:79,0
DA:80,0
DA:81,0
DA:84,0
DA:86,0
DA:87,0
DA:88,0
DA:91,0
DA:92,0
DA:93,0
DA:95,0
DA:100,0
DA:102,0
DA:105,0
DA:119,0
DA:121,0
DA:122,0
DA:126,0
LF:25
LH:0
BRDA:24,0,0,0
BRDA:26,1,0,0
BRDA:26,1,1,0
BRDA:26,2,0,0
BRDA:26,2,1,0
BRDA:36,3,0,0
BRDA:36,3,1,0
BRDA:36,4,0,0
BRDA:36,4,1,0
BRDA:46,5,0,0
BRDA:46,5,1,0
BRDA:46,6,0,0
BRDA:46,6,1,0
BRDA:76,7,0,0
BRDA:77,8,0,0
BRDA:92,9,0,0
BRDA:92,9,1,0
BRDA:118,10,0,0
BRDA:121,11,0,0
BRDA:121,11,1,0
BRF:20
BRH:0
end_of_record
TN:
SF:src\hooks\useHijriDate.ts
FN:34,useHijriDate
FN:47,(anonymous_1)
FN:50,(anonymous_2)
FN:54,(anonymous_3)
FN:77,useFormattedDates
FNF:5
FNH:0
FNDA:0,useHijriDate
FNDA:0,(anonymous_1)
FNDA:0,(anonymous_2)
FNDA:0,(anonymous_3)
FNDA:0,useFormattedDates
DA:39,0
DA:41,0
DA:43,0
DA:44,0
DA:45,0
DA:47,0
DA:48,0
DA:50,0
DA:51,0
DA:54,0
DA:58,0
DA:78,0
DA:79,0
LF:13
LH:0
BRDA:34,0,0,0
BRDA:36,1,0,0
BRDA:37,2,0,0
BRDA:38,3,0,0
BRDA:48,4,0,0
BRDA:48,4,1,0
BRDA:77,5,0,0
BRF:7
BRH:0
end_of_record
TN:
SF:src\hooks\useKhushuTracking.ts
FN:17,(anonymous_0)
FN:28,(anonymous_1)
FN:70,(anonymous_2)
FN:117,(anonymous_3)
FNF:4
FNH:0
FNDA:0,(anonymous_0)
FNDA:0,(anonymous_1)
FNDA:0,(anonymous_2)
FNDA:0,(anonymous_3)
DA:11,0
DA:17,0
DA:18,0
DA:19,0
DA:20,0
DA:21,0
DA:23,0
DA:28,0
DA:29,0
DA:30,0
DA:32,0
DA:35,0
DA:37,0
DA:38,0
DA:41,0
DA:48,0
DA:50,0
DA:54,0
DA:56,0
DA:59,0
DA:60,0
DA:62,0
DA:70,0
DA:71,0
DA:72,0
DA:74,0
DA:77,0
DA:79,0
DA:80,0
DA:84,0
DA:87,0
DA:101,0
DA:102,0
DA:106,0
DA:108,0
DA:109,0
DA:110,0
DA:112,0
DA:117,0
DA:118,0
DA:121,0
LF:41
LH:0
BRDA:17,0,0,0
BRDA:23,1,0,0
BRDA:23,1,1,0
BRDA:37,2,0,0
BRDA:37,2,1,0
BRDA:48,3,0,0
BRDA:48,3,1,0
BRDA:48,4,0,0
BRDA:48,4,1,0
BRDA:54,5,0,0
BRDA:54,5,1,0
BRDA:54,6,0,0
BRDA:54,6,1,0
BRDA:60,7,0,0
BRDA:60,7,1,0
BRDA:79,8,0,0
BRDA:79,8,1,0
BRDA:84,9,0,0
BRDA:84,9,1,0
BRDA:101,10,0,0
BRDA:101,10,1,0
BRDA:109,11,0,0
BRDA:109,11,1,0
BRF:23
BRH:0
end_of_record
TN:
SF:src\hooks\useLocation.ts
FN:48,(anonymous_0)
FN:60,(anonymous_1)
FN:61,(anonymous_2)
FN:64,(anonymous_3)
FN:80,(anonymous_4)
FN:98,(anonymous_5)
FN:99,(anonymous_6)
FN:104,(anonymous_7)
FN:115,(anonymous_8)
FN:126,(anonymous_9)
FN:141,(anonymous_10)
FN:142,(anonymous_11)
FN:151,(anonymous_12)
FN:160,(anonymous_13)
FN:171,(anonymous_14)
FN:181,(anonymous_15)
FN:182,(anonymous_16)
FN:197,(anonymous_17)
FNF:18
FNH:0
FNDA:0,(anonymous_0)
FNDA:0,(anonymous_1)
FNDA:0,(anonymous_2)
FNDA:0,(anonymous_3)
FNDA:0,(anonymous_4)
FNDA:0,(anonymous_5)
FNDA:0,(anonymous_6)
FNDA:0,(anonymous_7)
FNDA:0,(anonymous_8)
FNDA:0,(anonymous_9)
FNDA:0,(anonymous_10)
FNDA:0,(anonymous_11)
FNDA:0,(anonymous_12)
FNDA:0,(anonymous_13)
FNDA:0,(anonymous_14)
FNDA:0,(anonymous_15)
FNDA:0,(anonymous_16)
FNDA:0,(anonymous_17)
DA:17,0
DA:48,0
DA:49,0
DA:60,0
DA:61,0
DA:62,0
DA:63,0
DA:64,0
DA:71,0
DA:72,0
DA:75,0
DA:76,0
DA:79,0
DA:80,0
DA:91,0
DA:98,0
DA:99,0
DA:101,0
DA:102,0
DA:104,0
DA:111,0
DA:112,0
DA:113,0
DA:115,0
DA:123,0
DA:126,0
DA:134,0
DA:141,0
DA:142,0
DA:144,0
DA:146,0
DA:149,0
DA:151,0
DA:160,0
DA:171,0
DA:172,0
DA:173,0
DA:175,0
DA:181,0
DA:182,0
DA:185,0
DA:197,0
DA:198,0
DA:200,0
LF:44
LH:0
BRDA:71,0,0,0
BRDA:71,0,1,0
BRDA:111,1,0,0
BRDA:111,1,1,0
BRDA:130,2,0,0
BRDA:130,2,1,0
BRDA:154,3,0,0
BRDA:154,3,1,0
BRDA:155,4,0,0
BRDA:155,4,1,0
BRDA:172,5,0,0
BRDA:172,5,1,0
BRF:12
BRH:0
end_of_record
TN:
SF:src\hooks\useOnboarding.ts
FN:79,(anonymous_0)
FN:96,(anonymous_1)
FN:97,(anonymous_2)
FN:120,(anonymous_3)
FN:128,(anonymous_4)
FN:139,(anonymous_5)
FN:164,(anonymous_6)
FN:176,(anonymous_7)
FN:186,(anonymous_8)
FN:195,(anonymous_9)
FN:210,(anonymous_10)
FNF:11
FNH:0
FNDA:0,(anonymous_0)
FNDA:0,(anonymous_1)
FNDA:0,(anonymous_2)
FNDA:0,(anonymous_3)
FNDA:0,(anonymous_4)
FNDA:0,(anonymous_5)
FNDA:0,(anonymous_6)
FNDA:0,(anonymous_7)
FNDA:0,(anonymous_8)
FNDA:0,(anonymous_9)
FNDA:0,(anonymous_10)
DA:30,0
DA:33,0
DA:45,0
DA:79,0
DA:80,0
DA:82,0
DA:83,0
DA:84,0
DA:85,0
DA:86,0
DA:89,0
DA:90,0
DA:91,0
DA:92,0
DA:93,0
DA:96,0
DA:97,0
DA:98,0
DA:99,0
DA:100,0
DA:101,0
DA:102,0
DA:105,0
DA:106,0
DA:107,0
DA:110,0
DA:112,0
DA:116,0
DA:120,0
DA:121,0
DA:122,0
DA:123,0
DA:128,0
DA:129,0
DA:130,0
DA:131,0
DA:132,0
DA:134,0
DA:139,0
DA:141,0
DA:142,0
DA:144,0
DA:146,0
DA:148,0
DA:149,0
DA:152,0
DA:153,0
DA:156,0
DA:157,0
DA:160,0
DA:164,0
DA:165,0
DA:167,0
DA:168,0
DA:169,0
DA:171,0
DA:172,0
DA:176,0
DA:178,0
DA:180,0
DA:181,0
DA:185,0
DA:187,0
DA:188,0
DA:189,0
DA:195,0
DA:196,0
DA:198,0
DA:199,0
DA:201,0
DA:204,0
DA:205,0
DA:210,0
DA:211,0
DA:212,0
DA:213,0
DA:214,0
DA:215,0
DA:217,0
DA:218,0
DA:222,0
LF:81
LH:0
BRDA:105,0,0,0
BRDA:105,0,1,0
BRDA:105,1,0,0
BRDA:105,1,1,0
BRDA:121,2,0,0
BRDA:121,2,1,0
BRDA:121,3,0,0
BRDA:121,3,1,0
BRDA:146,4,0,0
BRDA:146,4,1,0
BRDA:165,5,0,0
BRDA:165,5,1,0
BRF:12
BRH:0
end_of_record
TN:
SF:src\hooks\usePointsAnimation.ts
FN:46,(anonymous_0)
FN:54,(anonymous_1)
FN:67,(anonymous_2)
FN:72,(anonymous_3)
FN:88,(anonymous_4)
FN:91,(anonymous_5)
FN:110,(anonymous_6)
FN:124,(anonymous_7)
FN:127,(anonymous_8)
FN:138,(anonymous_9)
FNF:10
FNH:0
FNDA:0,(anonymous_0)
FNDA:0,(anonymous_1)
FNDA:0,(anonymous_2)
FNDA:0,(anonymous_3)
FNDA:0,(anonymous_4)
FNDA:0,(anonymous_5)
FNDA:0,(anonymous_6)
FNDA:0,(anonymous_7)
FNDA:0,(anonymous_8)
FNDA:0,(anonymous_9)
DA:46,0
DA:52,0
DA:54,0
DA:56,0
DA:59,0
DA:67,0
DA:68,0
DA:72,0
DA:73,0
DA:74,0
DA:78,0
DA:88,0
DA:89,0
DA:91,0
DA:92,0
DA:94,0
DA:110,0
DA:111,0
DA:114,0
DA:124,0
DA:125,0
DA:127,0
DA:128,0
DA:130,0
DA:138,0
DA:139,0
DA:142,0
LF:27
LH:0
BRDA:50,0,0,0
BRDA:73,1,0,0
BRDA:73,1,1,0
BRDA:88,2,0,0
BRDA:124,3,0,0
BRF:5
BRH:0
end_of_record
TN:
SF:src\hooks\usePrayerLogs.ts
FN:22,(anonymous_0)
FN:102,(anonymous_1)
FN:104,(anonymous_2)
FN:117,(anonymous_3)
FN:119,(anonymous_4)
FN:121,(anonymous_5)
FN:126,(anonymous_6)
FN:147,(anonymous_7)
FN:156,(anonymous_8)
FN:165,(anonymous_9)
FN:170,(anonymous_10)
FN:176,(anonymous_11)
FN:181,(anonymous_12)
FN:195,(anonymous_13)
FN:207,(anonymous_14)
FN:218,(anonymous_15)
FN:219,(anonymous_16)
FN:285,(anonymous_17)
FN:314,(anonymous_18)
FN:319,(anonymous_19)
FN:322,(anonymous_20)
FN:337,(anonymous_21)
FN:338,(anonymous_22)
FN:354,(anonymous_23)
FN:357,(anonymous_24)
FN:372,(anonymous_25)
FN:373,(anonymous_26)
FN:383,(anonymous_27)
FN:386,(anonymous_28)
FN:401,(anonymous_29)
FN:403,(anonymous_30)
FN:411,(anonymous_31)
FN:413,(anonymous_32)
FN:419,(anonymous_33)
FN:437,(anonymous_34)
FN:448,(anonymous_35)
FN:449,(anonymous_36)
FN:473,(anonymous_37)
FN:474,(anonymous_38)
FN:475,(anonymous_39)
FN:476,(anonymous_40)
FNF:41
FNH:0
FNDA:0,(anonymous_0)
FNDA:0,(anonymous_1)
FNDA:0,(anonymous_2)
FNDA:0,(anonymous_3)
FNDA:0,(anonymous_4)
FNDA:0,(anonymous_5)
FNDA:0,(anonymous_6)
FNDA:0,(anonymous_7)
FNDA:0,(anonymous_8)
FNDA:0,(anonymous_9)
FNDA:0,(anonymous_10)
FNDA:0,(anonymous_11)
FNDA:0,(anonymous_12)
FNDA:0,(anonymous_13)
FNDA:0,(anonymous_14)
FNDA:0,(anonymous_15)
FNDA:0,(anonymous_16)
FNDA:0,(anonymous_17)
FNDA:0,(anonymous_18)
FNDA:0,(anonymous_19)
FNDA:0,(anonymous_20)
FNDA:0,(anonymous_21)
FNDA:0,(anonymous_22)
FNDA:0,(anonymous_23)
FNDA:0,(anonymous_24)
FNDA:0,(anonymous_25)
FNDA:0,(anonymous_26)
FNDA:0,(anonymous_27)
FNDA:0,(anonymous_28)
FNDA:0,(anonymous_29)
FNDA:0,(anonymous_30)
FNDA:0,(anonymous_31)
FNDA:0,(anonymous_32)
FNDA:0,(anonymous_33)
FNDA:0,(anonymous_34)
FNDA:0,(anonymous_35)
FNDA:0,(anonymous_36)
FNDA:0,(anonymous_37)
FNDA:0,(anonymous_38)
FNDA:0,(anonymous_39)
FNDA:0,(anonymous_40)
DA:14,0
DA:17,0
DA:22,0
DA:27,0
DA:29,0
DA:30,0
DA:33,0
DA:34,0
DA:42,0
DA:43,0
DA:46,0
DA:47,0
DA:51,0
DA:52,0
DA:54,0
DA:60,0
DA:63,0
DA:102,0
DA:104,0
DA:105,0
DA:107,0
DA:117,0
DA:119,0
DA:120,0
DA:121,0
DA:123,0
DA:124,0
DA:125,0
DA:126,0
DA:132,0
DA:135,0
DA:142,0
DA:143,0
DA:146,0
DA:147,0
DA:153,0
DA:155,0
DA:156,0
DA:165,0
DA:166,0
DA:170,0
DA:171,0
DA:176,0
DA:177,0
DA:179,0
DA:181,0
DA:182,0
DA:183,0
DA:185,0
DA:196,0
DA:198,0
DA:204,0
DA:207,0
DA:208,0
DA:209,0
DA:217,0
DA:219,0
DA:221,0
DA:222,0
DA:223,0
DA:224,0
DA:228,0
DA:235,0
DA:237,0
DA:248,0
DA:250,0
DA:251,0
DA:252,0
DA:254,0
DA:257,0
DA:261,0
DA:265,0
DA:266,0
DA:270,0
DA:271,0
DA:275,0
DA:276,0
DA:277,0
DA:278,0
DA:279,0
DA:282,0
DA:283,0
DA:285,0
DA:286,0
DA:289,0
DA:291,0
DA:292,0
DA:298,0
DA:305,0
DA:307,0
DA:309,0
DA:310,0
DA:313,0
DA:314,0
DA:315,0
DA:319,0
DA:321,0
DA:322,0
DA:327,0
DA:336,0
DA:338,0
DA:340,0
DA:341,0
DA:349,0
DA:352,0
DA:354,0
DA:356,0
DA:357,0
DA:362,0
DA:371,0
DA:373,0
DA:375,0
DA:376,0
DA:378,0
DA:381,0
DA:383,0
DA:385,0
DA:386,0
DA:391,0
DA:400,0
DA:402,0
DA:403,0
DA:411,0
DA:412,0
DA:413,0
DA:419,0
DA:420,0
DA:423,0
DA:437,0
DA:438,0
DA:446,0
DA:448,0
DA:449,0
DA:450,0
DA:452,0
DA:453,0
DA:454,0
DA:456,0
DA:461,0
DA:462,0
DA:464,0
DA:465,0
DA:468,0
DA:470,0
DA:472,0
DA:473,0
DA:474,0
DA:475,0
DA:476,0
DA:477,0
DA:479,0
DA:488,0
DA:490,0
DA:494,0
DA:497,0
LF:155
LH:0
BRDA:42,0,0,0
BRDA:42,0,1,0
BRDA:42,1,0,0
BRDA:42,1,1,0
BRDA:42,1,2,0
BRDA:51,2,0,0
BRDA:51,2,1,0
BRDA:102,3,0,0
BRDA:104,4,0,0
BRDA:104,4,1,0
BRDA:105,5,0,0
BRDA:125,6,0,0
BRDA:125,6,1,0
BRDA:142,7,0,0
BRDA:142,7,1,0
BRDA:149,8,0,0
BRDA:149,8,1,0
BRDA:158,9,0,0
BRDA:158,9,1,0
BRDA:166,10,0,0
BRDA:166,10,1,0
BRDA:177,11,0,0
BRDA:177,11,1,0
BRDA:183,12,0,0
BRDA:183,12,1,0
BRDA:208,13,0,0
BRDA:208,13,1,0
BRDA:223,14,0,0
BRDA:223,14,1,0
BRDA:235,15,0,0
BRDA:235,15,1,0
BRDA:248,16,0,0
BRDA:248,16,1,0
BRDA:250,17,0,0
BRDA:250,17,1,0
BRDA:252,18,0,0
BRDA:252,18,1,0
BRDA:252,19,0,0
BRDA:252,19,1,0
BRDA:265,20,0,0
BRDA:265,20,1,0
BRDA:270,21,0,0
BRDA:270,21,1,0
BRDA:270,22,0,0
BRDA:270,22,1,0
BRDA:276,23,0,0
BRDA:276,23,1,0
BRDA:282,24,0,0
BRDA:282,24,1,0
BRDA:282,25,0,0
BRDA:282,25,1,0
BRDA:286,26,0,0
BRDA:286,26,1,0
BRDA:286,26,2,0
BRDA:287,27,0,0
BRDA:287,27,1,0
BRDA:287,27,2,0
BRDA:305,28,0,0
BRDA:305,28,1,0
BRDA:313,29,0,0
BRDA:313,29,1,0
BRDA:324,30,0,0
BRDA:324,30,1,0
BRDA:349,31,0,0
BRDA:349,31,1,0
BRDA:359,32,0,0
BRDA:359,32,1,0
BRDA:378,33,0,0
BRDA:378,33,1,0
BRDA:388,34,0,0
BRDA:388,34,1,0
BRDA:402,35,0,0
BRDA:402,35,1,0
BRDA:403,36,0,0
BRDA:403,36,1,0
BRDA:454,37,0,0
BRDA:454,37,1,0
BRDA:461,38,0,0
BRDA:461,38,1,0
BRDA:464,39,0,0
BRDA:464,39,1,0
BRDA:470,40,0,0
BRDA:470,40,1,0
BRDA:472,41,0,0
BRDA:472,41,1,0
BRDA:473,42,0,0
BRDA:473,42,1,0
BRDA:474,43,0,0
BRDA:474,43,1,0
BRDA:475,44,0,0
BRDA:475,44,1,0
BRDA:476,45,0,0
BRDA:476,45,1,0
BRDA:477,46,0,0
BRDA:477,46,1,0
BRF:95
BRH:0
end_of_record
TN:
SF:src\hooks\usePrayerStats.ts
FN:68,(anonymous_0)
FN:78,(anonymous_1)
FN:79,(anonymous_2)
FN:82,(anonymous_3)
FN:83,(anonymous_4)
FN:84,(anonymous_5)
FN:85,(anonymous_6)
FN:103,(anonymous_7)
FN:109,(anonymous_8)
FN:117,(anonymous_9)
FN:163,(anonymous_10)
FN:169,(anonymous_11)
FN:172,(anonymous_12)
FN:173,(anonymous_13)
FN:174,(anonymous_14)
FN:175,(anonymous_15)
FN:182,(anonymous_16)
FN:204,(anonymous_17)
FN:210,(anonymous_18)
FN:213,(anonymous_19)
FN:214,(anonymous_20)
FN:215,(anonymous_21)
FN:216,(anonymous_22)
FN:239,(anonymous_23)
FN:240,(anonymous_24)
FN:250,(anonymous_25)
FN:278,(anonymous_26)
FN:304,(anonymous_27)
FNF:28
FNH:0
FNDA:0,(anonymous_0)
FNDA:0,(anonymous_1)
FNDA:0,(anonymous_2)
FNDA:0,(anonymous_3)
FNDA:0,(anonymous_4)
FNDA:0,(anonymous_5)
FNDA:0,(anonymous_6)
FNDA:0,(anonymous_7)
FNDA:0,(anonymous_8)
FNDA:0,(anonymous_9)
FNDA:0,(anonymous_10)
FNDA:0,(anonymous_11)
FNDA:0,(anonymous_12)
FNDA:0,(anonymous_13)
FNDA:0,(anonymous_14)
FNDA:0,(anonymous_15)
FNDA:0,(anonymous_16)
FNDA:0,(anonymous_17)
FNDA:0,(anonymous_18)
FNDA:0,(anonymous_19)
FNDA:0,(anonymous_20)
FNDA:0,(anonymous_21)
FNDA:0,(anonymous_22)
FNDA:0,(anonymous_23)
FNDA:0,(anonymous_24)
FNDA:0,(anonymous_25)
FNDA:0,(anonymous_26)
FNDA:0,(anonymous_27)
DA:13,0
DA:68,0
DA:69,0
DA:71,0
DA:72,0
DA:73,0
DA:78,0
DA:79,0
DA:80,0
DA:81,0
DA:82,0
DA:83,0
DA:84,0
DA:85,0
DA:86,0
DA:88,0
DA:103,0
DA:104,0
DA:105,0
DA:109,0
DA:111,0
DA:112,0
DA:113,0
DA:114,0
DA:117,0
DA:118,0
DA:119,0
DA:123,0
DA:124,0
DA:126,0
DA:127,0
DA:128,0
DA:130,0
DA:131,0
DA:132,0
DA:133,0
DA:135,0
DA:136,0
DA:137,0
DA:139,0
DA:144,0
DA:145,0
DA:146,0
DA:147,0
DA:149,0
DA:153,0
DA:163,0
DA:164,0
DA:165,0
DA:166,0
DA:168,0
DA:169,0
DA:172,0
DA:173,0
DA:174,0
DA:175,0
DA:177,0
DA:178,0
DA:179,0
DA:182,0
DA:183,0
DA:184,0
DA:188,0
DA:204,0
DA:205,0
DA:206,0
DA:207,0
DA:209,0
DA:210,0
DA:213,0
DA:214,0
DA:215,0
DA:216,0
DA:218,0
DA:219,0
DA:220,0
DA:221,0
DA:223,0
DA:239,0
DA:240,0
DA:250,0
DA:251,0
DA:252,0
DA:254,0
DA:255,0
DA:257,0
DA:258,0
DA:262,0
DA:263,0
DA:266,0
DA:274,0
DA:277,0
DA:278,0
DA:279,0
DA:283,0
DA:284,0
DA:285,0
DA:286,0
DA:288,0
DA:296,0
DA:297,0
DA:299,0
DA:304,0
DA:305,0
DA:308,0
LF:105
LH:0
BRDA:68,0,0,0
BRDA:69,1,0,0
BRDA:86,2,0,0
BRDA:86,2,1,0
BRDA:104,3,0,0
BRDA:104,3,1,0
BRDA:118,4,0,0
BRDA:118,4,1,0
BRDA:130,5,0,0
BRDA:130,5,1,0
BRDA:130,6,0,0
BRDA:130,6,1,0
BRDA:133,7,0,0
BRDA:133,7,1,0
BRDA:135,8,0,0
BRDA:135,8,1,0
BRDA:145,9,0,0
BRDA:145,9,1,0
BRDA:169,10,0,0
BRDA:169,10,1,0
BRDA:177,11,0,0
BRDA:177,11,1,0
BRDA:178,12,0,0
BRDA:178,12,1,0
BRDA:179,13,0,0
BRDA:179,13,1,0
BRDA:183,14,0,0
BRDA:183,14,1,0
BRDA:184,15,0,0
BRDA:184,15,1,0
BRDA:210,16,0,0
BRDA:210,16,1,0
BRDA:218,17,0,0
BRDA:218,17,1,0
BRDA:219,18,0,0
BRDA:219,18,1,0
BRDA:220,19,0,0
BRDA:220,19,1,0
BRDA:221,20,0,0
BRDA:221,20,1,0
BRDA:243,21,0,0
BRDA:243,21,1,0
BRDA:243,22,0,0
BRDA:243,22,1,0
BRDA:243,23,0,0
BRDA:243,23,1,0
BRDA:243,24,0,0
BRDA:243,24,1,0
BRDA:257,25,0,0
BRDA:257,25,1,0
BRDA:274,26,0,0
BRDA:274,26,1,0
BRDA:279,27,0,0
BRDA:279,27,1,0
BRDA:297,28,0,0
BRDA:297,28,1,0
BRF:56
BRH:0
end_of_record
TN:
SF:src\hooks\usePrayerTimes.ts
FN:55,(anonymous_0)
FN:75,(anonymous_1)
FN:77,(anonymous_2)
FN:96,(anonymous_3)
FN:120,(anonymous_4)
FN:129,(anonymous_5)
FN:134,(anonymous_6)
FN:139,(anonymous_7)
FN:143,(anonymous_8)
FN:155,(anonymous_9)
FN:161,(anonymous_10)
FN:169,(anonymous_11)
FN:204,(anonymous_12)
FN:218,(anonymous_13)
FN:223,(anonymous_14)
FNF:15
FNH:0
FNDA:0,(anonymous_0)
FNDA:0,(anonymous_1)
FNDA:0,(anonymous_2)
FNDA:0,(anonymous_3)
FNDA:0,(anonymous_4)
FNDA:0,(anonymous_5)
FNDA:0,(anonymous_6)
FNDA:0,(anonymous_7)
FNDA:0,(anonymous_8)
FNDA:0,(anonymous_9)
FNDA:0,(anonymous_10)
FNDA:0,(anonymous_11)
FNDA:0,(anonymous_12)
FNDA:0,(anonymous_13)
FNDA:0,(anonymous_14)
DA:20,0
DA:55,0
DA:63,0
DA:65,0
DA:67,0
DA:75,0
DA:76,0
DA:77,0
DA:82,0
DA:85,0
DA:86,0
DA:95,0
DA:96,0
DA:101,0
DA:104,0
DA:105,0
DA:113,0
DA:120,0
DA:129,0
DA:130,0
DA:134,0
DA:135,0
DA:136,0
DA:139,0
DA:140,0
DA:141,0
DA:142,0
DA:143,0
DA:155,0
DA:161,0
DA:162,0
DA:168,0
DA:170,0
DA:172,0
DA:173,0
DA:181,0
DA:182,0
DA:184,0
DA:186,0
DA:187,0
DA:193,0
DA:204,0
DA:205,0
DA:207,0
DA:218,0
DA:219,0
DA:220,0
DA:222,0
DA:224,0
DA:226,0
DA:234,0
DA:235,0
DA:237,0
DA:240,0
DA:242,0
DA:244,0
DA:249,0
LF:57
LH:0
BRDA:56,0,0,0
BRDA:59,1,0,0
BRDA:60,2,0,0
BRDA:61,3,0,0
BRDA:62,4,0,0
BRDA:76,5,0,0
BRDA:76,5,1,0
BRDA:80,6,0,0
BRDA:80,6,1,0
BRDA:95,7,0,0
BRDA:95,7,1,0
BRDA:105,8,0,0
BRDA:105,8,1,0
BRDA:122,9,0,0
BRDA:122,9,1,0
BRDA:135,10,0,0
BRDA:135,10,1,0
BRDA:135,11,0,0
BRDA:135,11,1,0
BRDA:140,12,0,0
BRDA:140,12,1,0
BRDA:142,13,0,0
BRDA:142,13,1,0
BRDA:170,14,0,0
BRDA:170,14,1,0
BRDA:182,15,0,0
BRDA:182,15,1,0
BRDA:204,16,0,0
BRDA:218,17,0,0
BRDA:224,18,0,0
BRDA:224,18,1,0
BRDA:235,19,0,0
BRDA:235,19,1,0
BRDA:237,20,0,0
BRDA:237,20,1,0
BRDA:242,21,0,0
BRDA:242,21,1,0
BRF:37
BRH:0
end_of_record
TN:
SF:src\hooks\useProfile.ts
FN:55,(anonymous_0)
FN:95,(anonymous_1)
FN:117,(anonymous_2)
FN:136,(anonymous_3)
FN:148,(anonymous_4)
FN:220,(anonymous_5)
FN:221,(anonymous_6)
FN:228,(anonymous_7)
FNF:8
FNH:0
FNDA:0,(anonymous_0)
FNDA:0,(anonymous_1)
FNDA:0,(anonymous_2)
FNDA:0,(anonymous_3)
FNDA:0,(anonymous_4)
FNDA:0,(anonymous_5)
FNDA:0,(anonymous_6)
FNDA:0,(anonymous_7)
DA:55,0
DA:56,0
DA:58,0
DA:59,0
DA:63,0
DA:69,0
DA:70,0
DA:73,0
DA:80,0
DA:95,0
DA:96,0
DA:98,0
DA:99,0
DA:100,0
DA:101,0
DA:103,0
DA:106,0
DA:107,0
DA:108,0
DA:111,0
DA:117,0
DA:118,0
DA:120,0
DA:121,0
DA:124,0
DA:125,0
DA:127,0
DA:130,0
DA:136,0
DA:143,0
DA:150,0
DA:151,0
DA:153,0
DA:161,0
DA:166,0
DA:171,0
DA:174,0
DA:211,0
DA:213,0
DA:220,0
DA:221,0
DA:228,0
DA:229,0
DA:230,0
DA:231,0
DA:232,0
DA:233,0
LF:47
LH:0
BRDA:58,0,0,0
BRDA:58,0,1,0
BRDA:58,1,0,0
BRDA:58,1,1,0
BRDA:69,2,0,0
BRDA:69,2,1,0
BRDA:76,3,0,0
BRDA:76,3,1,0
BRDA:77,4,0,0
BRDA:77,4,1,0
BRDA:83,5,0,0
BRDA:83,5,1,0
BRDA:86,6,0,0
BRDA:86,6,1,0
BRDA:96,7,0,0
BRDA:96,7,1,0
BRDA:98,8,0,0
BRDA:98,8,1,0
BRDA:100,9,0,0
BRDA:100,9,1,0
BRDA:106,10,0,0
BRDA:106,10,1,0
BRDA:118,11,0,0
BRDA:118,11,1,0
BRDA:120,12,0,0
BRDA:120,12,1,0
BRDA:124,13,0,0
BRDA:124,13,1,0
BRDA:150,14,0,0
BRDA:150,14,1,0
BRDA:174,15,0,0
BRDA:174,15,1,0
BRDA:177,16,0,0
BRDA:177,16,1,0
BRDA:178,17,0,0
BRDA:178,17,1,0
BRDA:179,18,0,0
BRDA:179,18,1,0
BRDA:180,19,0,0
BRDA:180,19,1,0
BRDA:183,20,0,0
BRDA:183,20,1,0
BRDA:184,21,0,0
BRDA:184,21,1,0
BRDA:185,22,0,0
BRDA:185,22,1,0
BRDA:186,23,0,0
BRDA:186,23,1,0
BRDA:189,24,0,0
BRDA:189,24,1,0
BRDA:190,25,0,0
BRDA:190,25,1,0
BRDA:192,26,0,0
BRDA:192,26,1,0
BRDA:202,27,0,0
BRDA:202,27,1,0
BRDA:203,28,0,0
BRDA:203,28,1,0
BRDA:204,29,0,0
BRDA:204,29,1,0
BRDA:211,30,0,0
BRDA:211,30,1,0
BRDA:211,30,2,0
BRDA:211,30,3,0
BRF:64
BRH:0
end_of_record
TN:
SF:src\hooks\useProgressSnapshots.ts
FN:42,(anonymous_0)
FN:72,(anonymous_1)
FN:89,(anonymous_2)
FN:125,(anonymous_3)
FN:126,(anonymous_4)
FN:138,(anonymous_5)
FN:149,(anonymous_6)
FN:151,(anonymous_7)
FN:167,(anonymous_8)
FN:179,(anonymous_9)
FN:180,(anonymous_10)
FN:181,(anonymous_11)
FN:182,(anonymous_12)
FN:186,(anonymous_13)
FN:192,(anonymous_14)
FN:221,(anonymous_15)
FN:225,(anonymous_16)
FN:229,(anonymous_17)
FNF:18
FNH:0
FNDA:0,(anonymous_0)
FNDA:0,(anonymous_1)
FNDA:0,(anonymous_2)
FNDA:0,(anonymous_3)
FNDA:0,(anonymous_4)
FNDA:0,(anonymous_5)
FNDA:0,(anonymous_6)
FNDA:0,(anonymous_7)
FNDA:0,(anonymous_8)
FNDA:0,(anonymous_9)
FNDA:0,(anonymous_10)
FNDA:0,(anonymous_11)
FNDA:0,(anonymous_12)
FNDA:0,(anonymous_13)
FNDA:0,(anonymous_14)
FNDA:0,(anonymous_15)
FNDA:0,(anonymous_16)
FNDA:0,(anonymous_17)
DA:12,0
DA:42,0
DA:43,0
DA:45,0
DA:46,0
DA:50,0
DA:51,0
DA:53,0
DA:61,0
DA:62,0
DA:64,0
DA:65,0
DA:66,0
DA:69,0
DA:72,0
DA:89,0
DA:90,0
DA:92,0
DA:93,0
DA:96,0
DA:98,0
DA:103,0
DA:104,0
DA:105,0
DA:108,0
DA:125,0
DA:126,0
DA:138,0
DA:139,0
DA:147,0
DA:149,0
DA:153,0
DA:154,0
DA:157,0
DA:158,0
DA:160,0
DA:165,0
DA:169,0
DA:174,0
DA:177,0
DA:179,0
DA:180,0
DA:181,0
DA:182,0
DA:186,0
DA:192,0
DA:200,0
DA:204,0
DA:221,0
DA:222,0
DA:224,0
DA:226,0
DA:227,0
DA:230,0
LF:54
LH:0
BRDA:42,0,0,0
BRDA:45,1,0,0
BRDA:45,1,1,0
BRDA:61,2,0,0
BRDA:61,2,1,0
BRDA:64,3,0,0
BRDA:64,3,1,0
BRDA:72,4,0,0
BRDA:72,4,1,0
BRDA:76,5,0,0
BRDA:76,5,1,0
BRDA:77,6,0,0
BRDA:77,6,1,0
BRDA:78,7,0,0
BRDA:78,7,1,0
BRDA:79,8,0,0
BRDA:79,8,1,0
BRDA:80,9,0,0
BRDA:80,9,1,0
BRDA:81,10,0,0
BRDA:81,10,1,0
BRDA:92,11,0,0
BRDA:92,11,1,0
BRDA:103,12,0,0
BRDA:103,12,1,0
BRDA:112,13,0,0
BRDA:112,13,1,0
BRDA:113,14,0,0
BRDA:113,14,1,0
BRDA:114,15,0,0
BRDA:114,15,1,0
BRDA:115,16,0,0
BRDA:115,16,1,0
BRDA:116,17,0,0
BRDA:116,17,1,0
BRDA:117,18,0,0
BRDA:117,18,1,0
BRDA:138,19,0,0
BRDA:153,20,0,0
BRDA:153,20,1,0
BRDA:157,21,0,0
BRDA:157,21,1,0
BRDA:174,22,0,0
BRDA:174,22,1,0
BRDA:177,23,0,0
BRDA:177,23,1,0
BRDA:184,24,0,0
BRDA:184,24,1,0
BRDA:190,25,0,0
BRDA:190,25,1,0
BRDA:200,26,0,0
BRDA:200,26,1,0
BRDA:200,27,0,0
BRDA:200,27,1,0
BRF:54
BRH:0
end_of_record
TN:
SF:src\hooks\useQiblaDirection.ts
FN:48,(anonymous_0)
FN:59,(anonymous_1)
FN:75,(anonymous_2)
FN:127,(anonymous_3)
FN:130,(anonymous_4)
FN:143,(anonymous_5)
FN:159,(anonymous_6)
FN:178,(anonymous_7)
FN:188,(anonymous_8)
FN:189,(anonymous_9)
FN:208,(anonymous_10)
FN:217,(anonymous_11)
FNF:12
FNH:0
FNDA:0,(anonymous_0)
FNDA:0,(anonymous_1)
FNDA:0,(anonymous_2)
FNDA:0,(anonymous_3)
FNDA:0,(anonymous_4)
FNDA:0,(anonymous_5)
FNDA:0,(anonymous_6)
FNDA:0,(anonymous_7)
FNDA:0,(anonymous_8)
FNDA:0,(anonymous_9)
FNDA:0,(anonymous_10)
FNDA:0,(anonymous_11)
DA:19,0
DA:48,0
DA:49,0
DA:50,0
DA:51,0
DA:52,0
DA:53,0
DA:54,0
DA:59,0
DA:60,0
DA:61,0
DA:62,0
DA:63,0
DA:64,0
DA:66,0
DA:67,0
DA:68,0
DA:75,0
DA:76,0
DA:77,0
DA:78,0
DA:81,0
DA:85,0
DA:88,0
DA:89,0
DA:92,0
DA:95,0
DA:107,0
DA:108,0
DA:109,0
DA:110,0
DA:111,0
DA:113,0
DA:116,0
DA:118,0
DA:119,0
DA:120,0
DA:127,0
DA:128,0
DA:130,0
DA:131,0
DA:133,0
DA:134,0
DA:135,0
DA:136,0
DA:140,0
DA:143,0
DA:146,0
DA:149,0
DA:152,0
DA:155,0
DA:158,0
DA:159,0
DA:160,0
DA:171,0
DA:175,0
DA:178,0
DA:179,0
DA:180,0
DA:188,0
DA:189,0
DA:191,0
DA:192,0
DA:193,0
DA:195,0
DA:196,0
DA:198,0
DA:202,0
DA:208,0
DA:209,0
DA:210,0
DA:217,0
DA:219,0
DA:223,0
LF:74
LH:0
BRDA:107,0,0,0
BRDA:107,0,1,0
BRDA:108,1,0,0
BRDA:108,1,1,0
BRDA:110,2,0,0
BRDA:110,2,1,0
BRDA:119,3,0,0
BRDA:119,3,1,0
BRDA:134,4,0,0
BRDA:134,4,1,0
BRDA:158,5,0,0
BRDA:158,5,1,0
BRDA:160,6,0,0
BRDA:160,6,1,0
BRDA:179,7,0,0
BRDA:179,7,1,0
BRDA:195,8,0,0
BRDA:195,8,1,0
BRDA:209,9,0,0
BRDA:209,9,1,0
BRDA:209,10,0,0
BRDA:209,10,1,0
BRF:22
BRH:0
end_of_record
TN:
SF:src\hooks\useQuranAudio.ts
FN:40,(anonymous_0)
FN:56,(anonymous_1)
FN:64,(anonymous_2)
FN:75,(anonymous_3)
FN:78,(anonymous_4)
FN:92,(anonymous_5)
FN:101,(anonymous_6)
FN:109,(anonymous_7)
FN:118,(anonymous_8)
FN:121,(anonymous_9)
FN:147,(anonymous_10)
FN:157,(anonymous_11)
FN:166,(anonymous_12)
FN:180,(anonymous_13)
FN:194,(anonymous_14)
FN:202,(anonymous_15)
FN:210,(anonymous_16)
FN:219,(anonymous_17)
FN:227,(anonymous_18)
FN:237,(anonymous_19)
FN:244,(anonymous_20)
FN:251,(anonymous_21)
FN:258,(anonymous_22)
FNF:23
FNH:0
FNDA:0,(anonymous_0)
FNDA:0,(anonymous_1)
FNDA:0,(anonymous_2)
FNDA:0,(anonymous_3)
FNDA:0,(anonymous_4)
FNDA:0,(anonymous_5)
FNDA:0,(anonymous_6)
FNDA:0,(anonymous_7)
FNDA:0,(anonymous_8)
FNDA:0,(anonymous_9)
FNDA:0,(anonymous_10)
FNDA:0,(anonymous_11)
FNDA:0,(anonymous_12)
FNDA:0,(anonymous_13)
FNDA:0,(anonymous_14)
FNDA:0,(anonymous_15)
FNDA:0,(anonymous_16)
FNDA:0,(anonymous_17)
FNDA:0,(anonymous_18)
FNDA:0,(anonymous_19)
FNDA:0,(anonymous_20)
FNDA:0,(anonymous_21)
FNDA:0,(anonymous_22)
DA:12,0
DA:40,0
DA:45,0
DA:46,0
DA:47,0
DA:48,0
DA:49,0
DA:50,0
DA:51,0
DA:56,0
DA:57,0
DA:58,0
DA:59,0
DA:60,0
DA:61,0
DA:64,0
DA:65,0
DA:66,0
DA:75,0
DA:76,0
DA:78,0
DA:79,0
DA:80,0
DA:81,0
DA:85,0
DA:92,0
DA:95,0
DA:101,0
DA:102,0
DA:103,0
DA:109,0
DA:110,0
DA:111,0
DA:112,0
DA:118,0
DA:119,0
DA:121,0
DA:122,0
DA:123,0
DA:124,0
DA:125,0
DA:127,0
DA:133,0
DA:141,0
DA:144,0
DA:147,0
DA:148,0
DA:149,0
DA:157,0
DA:158,0
DA:159,0
DA:166,0
DA:167,0
DA:168,0
DA:169,0
DA:171,0
DA:173,0
DA:180,0
DA:181,0
DA:182,0
DA:183,0
DA:185,0
DA:187,0
DA:194,0
DA:195,0
DA:196,0
DA:202,0
DA:203,0
DA:204,0
DA:210,0
DA:211,0
DA:212,0
DA:213,0
DA:219,0
DA:220,0
DA:221,0
DA:227,0
DA:228,0
DA:229,0
DA:230,0
DA:237,0
DA:238,0
DA:244,0
DA:245,0
DA:251,0
DA:252,0
DA:258,0
DA:259,0
DA:260,0
DA:261,0
[...]
BRDA:186,14,0,0
BRDA:186,14,1,0
BRDA:201,15,0,0
BRDA:207,16,0,0
BRDA:207,16,1,0
BRDA:227,17,0,0
BRDA:227,17,1,0
BRDA:243,18,0,0
BRDA:247,19,0,0
BRDA:247,19,1,0
BRDA:266,20,0,0
BRDA:267,21,0,0
BRDA:274,22,0,0
BRDA:274,22,1,0
BRF:36
BRH:0
end_of_record
TN:
SF:src\services\quranDb.ts
FN:22,(anonymous_0)
FN:48,(anonymous_1)
FN:83,(anonymous_2)
FN:115,(anonymous_3)
FN:149,(anonymous_4)
FN:172,(anonymous_5)
FN:180,(anonymous_6)
FN:190,(anonymous_7)
FN:210,(anonymous_8)
FN:237,(anonymous_9)
FN:263,(anonymous_10)
FN:282,(anonymous_11)
FN:300,(anonymous_12)
FN:334,(anonymous_13)
FN:360,(anonymous_14)
FN:374,(anonymous_15)
FN:385,(anonymous_16)
FN:390,(anonymous_17)
FN:406,(anonymous_18)
FNF:19
FNH:0
FNDA:0,(anonymous_0)
FNDA:0,(anonymous_1)
FNDA:0,(anonymous_2)
FNDA:0,(anonymous_3)
FNDA:0,(anonymous_4)
FNDA:0,(anonymous_5)
FNDA:0,(anonymous_6)
FNDA:0,(anonymous_7)
FNDA:0,(anonymous_8)
FNDA:0,(anonymous_9)
FNDA:0,(anonymous_10)
FNDA:0,(anonymous_11)
FNDA:0,(anonymous_12)
FNDA:0,(anonymous_13)
FNDA:0,(anonymous_14)
FNDA:0,(anonymous_15)
FNDA:0,(anonymous_16)
FNDA:0,(anonymous_17)
FNDA:0,(anonymous_18)
DA:12,0
DA:14,0
DA:17,0
DA:23,0
DA:25,0
DA:26,0
DA:27,0
DA:30,0
DA:32,0
DA:33,0
DA:36,0
DA:37,0
DA:39,0
DA:41,0
DA:49,0
DA:51,0
DA:54,0
DA:59,0
DA:64,0
DA:69,0
DA:73,0
DA:75,0
DA:76,0
DA:84,0
DA:85,0
DA:86,0
DA:89,0
DA:90,0
DA:92,0
DA:105,0
DA:107,0
DA:116,0
DA:117,0
DA:118,0
DA:121,0
DA:122,0
DA:128,0
DA:129,0
DA:132,0
DA:133,0
DA:135,0
DA:141,0
DA:142,0
DA:150,0
DA:151,0
DA:152,0
DA:155,0
DA:156,0
DA:162,0
DA:164,0
DA:165,0
DA:173,0
DA:175,0
DA:176,0
DA:180,0
DA:182,0
DA:183,0
DA:191,0
DA:193,0
DA:195,0
DA:196,0
DA:201,0
DA:203,0
DA:211,0
DA:213,0
DA:214,0
DA:219,0
DA:224,0
DA:229,0
DA:230,0
DA:243,0
DA:245,0
DA:246,0
DA:253,0
DA:255,0
DA:256,0
DA:264,0
DA:266,0
DA:267,0
DA:272,0
DA:274,0
DA:275,0
DA:283,0
DA:285,0
DA:286,0
DA:290,0
DA:292,0
DA:293,0
DA:301,0
DA:302,0
DA:303,0
DA:306,0
DA:307,0
DA:314,0
DA:317,0
DA:322,0
DA:323,0
DA:326,0
DA:335,0
DA:337,0
DA:338,0
DA:343,0
DA:344,0
DA:347,0
DA:352,0
DA:353,0
DA:361,0
DA:363,0
DA:364,0
DA:365,0
DA:367,0
DA:375,0
DA:376,0
DA:377,0
DA:378,0
DA:386,0
DA:388,0
DA:390,0
DA:391,0
DA:392,0
DA:396,0
DA:398,0
DA:399,0
DA:411,0
DA:413,0
DA:414,0
DA:424,0
DA:430,0
DA:431,0
DA:437,0
LF:130
LH:0
BRDA:25,0,0,0
BRDA:25,0,1,0
BRDA:32,1,0,0
BRDA:32,1,1,0
BRDA:49,2,0,0
BRDA:49,2,1,0
BRDA:84,3,0,0
BRDA:84,3,1,0
BRDA:116,4,0,0
BRDA:116,4,1,0
BRDA:128,5,0,0
BRDA:128,5,1,0
BRDA:150,6,0,0
BRDA:150,6,1,0
BRDA:162,7,0,0
BRDA:162,7,1,0
BRDA:173,8,0,0
BRDA:173,8,1,0
BRDA:190,9,0,0
BRDA:191,10,0,0
BRDA:191,10,1,0
BRDA:211,11,0,0
BRDA:211,11,1,0
BRDA:225,12,0,0
BRDA:225,12,1,0
BRDA:226,13,0,0
BRDA:226,13,1,0
BRDA:243,14,0,0
BRDA:243,14,1,0
BRDA:250,15,0,0
BRDA:250,15,1,0
BRDA:264,16,0,0
BRDA:264,16,1,0
BRDA:283,17,0,0
BRDA:283,17,1,0
BRDA:301,18,0,0
BRDA:301,18,1,0
BRDA:322,19,0,0
BRDA:322,19,1,0
BRDA:335,20,0,0
BRDA:335,20,1,0
BRDA:343,21,0,0
BRDA:343,21,1,0
BRDA:361,22,0,0
BRDA:361,22,1,0
BRDA:375,23,0,0
BRDA:375,23,1,0
BRDA:386,24,0,0
BRDA:386,24,1,0
BRDA:411,25,0,0
BRDA:411,25,1,0
BRDA:425,26,0,0
BRDA:425,26,1,0
BRDA:426,27,0,0
BRDA:426,27,1,0
BRF:55
BRH:0
end_of_record
TN:
SF:src\services\sunnahService.ts
FN:30,(anonymous_0)
FN:47,(anonymous_1)
FN:69,(anonymous_2)
FN:105,(anonymous_3)
FN:127,(anonymous_4)
FN:135,(anonymous_5)
FN:137,(anonymous_6)
FN:146,(anonymous_7)
FN:173,(anonymous_8)
FN:215,(anonymous_9)
FN:237,(anonymous_10)
FN:249,(anonymous_11)
FN:279,(anonymous_12)
FN:306,(anonymous_13)
FN:339,(anonymous_14)
FN:353,(anonymous_15)
FN:358,(anonymous_16)
FN:367,(anonymous_17)
FN:427,(anonymous_18)
FN:453,(anonymous_19)
FN:502,(anonymous_20)
FN:542,(anonymous_21)
FN:553,(anonymous_22)
FN:585,(anonymous_23)
FN:600,(anonymous_24)
FNF:25
FNH:0
FNDA:0,(anonymous_0)
FNDA:0,(anonymous_1)
FNDA:0,(anonymous_2)
FNDA:0,(anonymous_3)
FNDA:0,(anonymous_4)
FNDA:0,(anonymous_5)
FNDA:0,(anonymous_6)
FNDA:0,(anonymous_7)
FNDA:0,(anonymous_8)
FNDA:0,(anonymous_9)
FNDA:0,(anonymous_10)
FNDA:0,(anonymous_11)
FNDA:0,(anonymous_12)
FNDA:0,(anonymous_13)
FNDA:0,(anonymous_14)
FNDA:0,(anonymous_15)
FNDA:0,(anonymous_16)
FNDA:0,(anonymous_17)
FNDA:0,(anonymous_18)
FNDA:0,(anonymous_19)
FNDA:0,(anonymous_20)
FNDA:0,(anonymous_21)
FNDA:0,(anonymous_22)
FNDA:0,(anonymous_23)
FNDA:0,(anonymous_24)
DA:21,0
DA:30,0
DA:31,0
DA:36,0
DA:37,0
DA:38,0
DA:41,0
DA:47,0
DA:48,0
DA:54,0
DA:55,0
DA:56,0
DA:59,0
DA:69,0
DA:73,0
DA:82,0
DA:83,0
DA:86,0
DA:87,0
DA:90,0
DA:92,0
DA:93,0
DA:94,0
DA:97,0
DA:105,0
DA:106,0
DA:107,0
DA:108,0
DA:112,0
DA:115,0
DA:121,0
DA:122,0
DA:123,0
DA:127,0
DA:128,0
DA:131,0
DA:132,0
DA:135,0
DA:137,0
DA:146,0
DA:147,0
DA:156,0
DA:157,0
DA:158,0
DA:161,0
DA:173,0
DA:179,0
DA:180,0
DA:181,0
DA:184,0
DA:193,0
DA:201,0
DA:202,0
DA:203,0
DA:207,0
DA:209,0
DA:215,0
DA:219,0
DA:226,0
DA:227,0
DA:228,0
DA:231,0
DA:237,0
DA:238,0
DA:240,0
DA:241,0
DA:242,0
DA:249,0
DA:253,0
DA:254,0
DA:255,0
DA:258,0
DA:266,0
DA:267,0
DA:268,0
DA:271,0
DA:279,0
DA:280,0
DA:281,0
DA:282,0
DA:285,0
DA:291,0
DA:293,0
DA:294,0
DA:296,0
DA:297,0
DA:300,0
DA:306,0
DA:309,0
DA:310,0
DA:311,0
DA:314,0
DA:328,0
DA:329,0
DA:330,0
DA:333,0
DA:339,0
DA:340,0
DA:341,0
DA:343,0
DA:344,0
DA:353,0
DA:354,0
DA:355,0
DA:357,0
DA:358,0
DA:367,0
DA:371,0
DA:372,0
DA:374,0
DA:382,0
DA:384,0
DA:385,0
DA:386,0
DA:389,0
DA:390,0
DA:392,0
DA:394,0
DA:396,0
DA:400,0
DA:401,0
DA:402,0
DA:404,0
DA:405,0
DA:406,0
DA:409,0
DA:410,0
DA:412,0
DA:414,0
DA:415,0
DA:417,0
DA:421,0
DA:427,0
DA:428,0
DA:429,0
DA:431,0
DA:432,0
DA:434,0
DA:436,0
DA:442,0
DA:444,0
DA:445,0
DA:453,0
DA:459,0
DA:466,0
DA:467,0
DA:471,0
DA:472,0
DA:473,0
DA:474,0
DA:475,0
DA:476,0
DA:477,0
DA:482,0
DA:490,0
DA:491,0
DA:492,0
DA:493,0
DA:494,0
DA:502,0
DA:509,0
DA:523,0
DA:524,0
DA:525,0
DA:529,0
DA:531,0
DA:533,0
DA:534,0
DA:535,0
DA:542,0
DA:543,0
DA:553,0
DA:554,0
DA:555,0
DA:557,0
DA:563,0
DA:564,0
DA:567,0
DA:569,0
DA:570,0
DA:571,0
DA:574,0
DA:585,0
DA:586,0
DA:587,0
DA:589,0
DA:590,0
DA:591,0
DA:594,0
DA:597,0
DA:598,0
DA:599,0
DA:600,0
DA:603,0
DA:604,0
DA:606,0
DA:607,0
DA:608,0
DA:612,0
LF:199
LH:0
BRDA:36,0,0,0
BRDA:36,0,1,0
BRDA:41,1,0,0
BRDA:41,1,1,0
BRDA:54,2,0,0
BRDA:54,2,1,0
BRDA:82,3,0,0
BRDA:82,3,1,0
BRDA:86,4,0,0
BRDA:86,4,1,0
BRDA:92,5,0,0
BRDA:92,5,1,0
BRDA:97,6,0,0
BRDA:97,6,1,0
BRDA:107,7,0,0
BRDA:107,7,1,0
BRDA:121,8,0,0
BRDA:121,8,1,0
BRDA:132,9,0,0
BRDA:132,9,1,0
BRDA:137,10,0,0
BRDA:137,10,1,0
BRDA:156,11,0,0
BRDA:156,11,1,0
BRDA:180,12,0,0
BRDA:180,12,1,0
BRDA:189,13,0,0
BRDA:189,13,1,0
BRDA:201,14,0,0
BRDA:201,14,1,0
BRDA:226,15,0,0
BRDA:226,15,1,0
BRDA:240,16,0,0
BRDA:240,16,1,0
BRDA:254,17,0,0
BRDA:254,17,1,0
BRDA:266,18,0,0
BRDA:266,18,1,0
BRDA:271,19,0,0
BRDA:271,19,1,0
BRDA:281,20,0,0
BRDA:281,20,1,0
BRDA:291,21,0,0
BRDA:291,21,1,0
BRDA:293,22,0,0
BRDA:293,22,1,0
BRDA:310,23,0,0
BRDA:310,23,1,0
BRDA:328,24,0,0
BRDA:328,24,1,0
BRDA:341,25,0,0
BRDA:341,25,1,0
BRDA:343,26,0,0
BRDA:343,26,1,0
BRDA:355,27,0,0
BRDA:355,27,1,0
BRDA:371,28,0,0
BRDA:371,28,1,0
BRDA:372,29,0,0
BRDA:372,29,1,0
BRDA:382,30,0,0
BRDA:382,30,1,0
BRDA:382,31,0,0
BRDA:382,31,1,0
BRDA:382,31,2,0
BRDA:394,32,0,0
BRDA:394,32,1,0
BRDA:404,33,0,0
BRDA:404,33,1,0
BRDA:414,34,0,0
BRDA:414,34,1,0
BRDA:429,35,0,0
BRDA:429,35,1,0
BRDA:434,36,0,0
BRDA:434,36,1,0
BRDA:442,37,0,0
BRDA:442,37,1,0
BRDA:444,38,0,0
BRDA:444,38,1,0
BRDA:466,39,0,0
BRDA:466,39,1,0
BRDA:466,40,0,0
BRDA:466,40,1,0
BRDA:472,41,0,0
BRDA:472,41,1,0
BRDA:474,42,0,0
BRDA:474,42,1,0
BRDA:476,43,0,0
BRDA:476,43,1,0
BRDA:490,44,0,0
BRDA:490,44,1,0
BRDA:490,45,0,0
BRDA:490,45,1,0
BRDA:493,46,0,0
BRDA:493,46,1,0
BRDA:514,47,0,0
BRDA:514,47,1,0
BRDA:515,48,0,0
BRDA:515,48,1,0
BRDA:523,49,0,0
BRDA:523,49,1,0
BRDA:529,50,0,0
BRDA:529,50,1,0
BRDA:529,51,0,0
BRDA:529,51,1,0
BRDA:531,52,0,0
BRDA:531,52,1,0
BRDA:531,53,0,0
BRDA:531,53,1,0
BRDA:534,54,0,0
BRDA:534,54,1,0
BRDA:555,55,0,0
BRDA:555,55,1,0
BRDA:563,56,0,0
BRDA:563,56,1,0
BRDA:569,57,0,0
BRDA:569,57,1,0
BRDA:574,58,0,0
BRDA:574,58,1,0
BRDA:587,59,0,0
BRDA:587,59,1,0
BRDA:590,60,0,0
BRDA:590,60,1,0
BRDA:591,61,0,0
BRDA:591,61,1,0
BRDA:598,62,0,0
BRDA:598,62,1,0
BRDA:606,63,0,0
BRDA:606,63,1,0
BRF:129
BRH:0
end_of_record
TN:
SF:src\services\supabase.ts
FN:26,(anonymous_0)
FN:49,(anonymous_1)
FN:68,(anonymous_2)
FN:91,(anonymous_3)
FN:115,(anonymous_4)
FN:151,(anonymous_5)
FN:156,(anonymous_6)
FN:164,(anonymous_7)
FN:175,(anonymous_8)
FN:229,(anonymous_9)
FN:237,(anonymous_10)
FN:243,(anonymous_11)
FN:248,(anonymous_12)
FN:253,(anonymous_13)
FN:269,(anonymous_14)
FNF:15
FNH:0
FNDA:0,(anonymous_0)
FNDA:0,(anonymous_1)
FNDA:0,(anonymous_2)
FNDA:0,(anonymous_3)
FNDA:0,(anonymous_4)
FNDA:0,(anonymous_5)
FNDA:0,(anonymous_6)
FNDA:0,(anonymous_7)
FNDA:0,(anonymous_8)
FNDA:0,(anonymous_9)
FNDA:0,(anonymous_10)
FNDA:0,(anonymous_11)
FNDA:0,(anonymous_12)
FNDA:0,(anonymous_13)
FNDA:0,(anonymous_14)
DA:15,0
DA:17,0
DA:18,0
DA:24,0
DA:27,0
DA:28,0
DA:32,0
DA:33,0
DA:34,0
DA:36,0
DA:37,0
DA:39,0
DA:42,0
DA:46,0
DA:50,0
DA:51,0
DA:55,0
DA:56,0
DA:57,0
DA:59,0
DA:60,0
DA:65,0
DA:69,0
DA:70,0
DA:73,0
DA:75,0
DA:78,0
DA:79,0
DA:80,0
DA:81,0
DA:82,0
DA:84,0
DA:87,0
DA:92,0
DA:93,0
DA:94,0
DA:95,0
DA:98,0
DA:99,0
DA:101,0
DA:102,0
DA:103,0
DA:104,0
DA:108,0
DA:110,0
DA:111,0
DA:116,0
DA:118,0
DA:119,0
DA:120,0
DA:124,0
DA:125,0
DA:129,0
DA:132,0
DA:134,0
DA:135,0
DA:141,0
DA:151,0
DA:152,0
DA:156,0
DA:159,0
DA:160,0
DA:164,0
DA:165,0
DA:172,0
DA:175,0
DA:176,0
DA:179,0
DA:184,0
DA:185,0
DA:188,0
DA:189,0
DA:196,0
DA:197,0
DA:208,0
DA:211,0
DA:212,0
DA:218,0
DA:220,0
DA:221,0
DA:229,0
DA:230,0
DA:237,0
DA:238,0
DA:239,0
DA:243,0
DA:244,0
DA:248,0
DA:249,0
DA:253,0
DA:254,0
DA:260,0
DA:261,0
DA:262,0
DA:265,0
DA:269,0
DA:273,0
LF:97
LH:0
BRDA:17,0,0,0
BRDA:17,0,1,0
BRDA:18,1,0,0
BRDA:18,1,1,0
BRDA:27,2,0,0
BRDA:27,2,1,0
BRDA:34,3,0,0
BRDA:34,3,1,0
BRDA:36,4,0,0
BRDA:36,4,1,0
BRDA:50,5,0,0
BRDA:50,5,1,0
BRDA:55,6,0,0
BRDA:55,6,1,0
BRDA:69,7,0,0
BRDA:69,7,1,0
BRDA:79,8,0,0
BRDA:79,8,1,0
BRDA:94,9,0,0
BRDA:94,9,1,0
BRDA:103,10,0,0
BRDA:103,10,1,0
BRDA:108,11,0,0
BRDA:108,11,1,0
BRDA:152,12,0,0
BRDA:152,12,1,0
BRDA:152,12,2,0
BRDA:152,12,3,0
BRDA:184,13,0,0
BRDA:184,13,1,0
BRDA:188,14,0,0
BRDA:188,14,1,0
BRDA:208,15,0,0
BRDA:208,15,1,0
BRDA:239,16,0,0
BRDA:239,16,1,0
BRDA:260,17,0,0
BRDA:260,17,1,0
BRF:38
BRH:0
end_of_record
TN:
SF:src\services\wordTimingService.ts
FN:30,(anonymous_0)
FN:37,(anonymous_1)
FN:90,(anonymous_2)
FN:103,(anonymous_3)
FN:114,(anonymous_4)
FN:162,(anonymous_5)
FN:186,(anonymous_6)
FN:208,(anonymous_7)
FN:216,(anonymous_8)
FN:229,(anonymous_9)
FNF:10
FNH:0
FNDA:0,(anonymous_0)
FNDA:0,(anonymous_1)
FNDA:0,(anonymous_2)
FNDA:0,(anonymous_3)
FNDA:0,(anonymous_4)
FNDA:0,(anonymous_5)
FNDA:0,(anonymous_6)
FNDA:0,(anonymous_7)
FNDA:0,(anonymous_8)
FNDA:0,(anonymous_9)
DA:17,0
DA:20,0
DA:23,0
DA:24,0
DA:25,0
DA:31,0
DA:33,0
DA:34,0
DA:37,0
DA:38,0
DA:39,0
DA:41,0
DA:42,0
DA:45,0
DA:46,0
DA:47,0
DA:48,0
DA:52,0
DA:54,0
DA:55,0
DA:58,0
DA:59,0
DA:61,0
DA:63,0
DA:64,0
DA:68,0
DA:70,0
DA:74,0
DA:75,0
DA:77,0
DA:78,0
DA:79,0
DA:80,0
DA:84,0
DA:92,0
DA:97,0
DA:104,0
DA:119,0
DA:120,0
DA:122,0
DA:123,0
DA:124,0
DA:127,0
DA:128,0
DA:129,0
DA:133,0
DA:134,0
DA:135,0
DA:136,0
DA:140,0
DA:153,0
DA:154,0
DA:155,0
DA:159,0
DA:162,0
DA:171,0
DA:172,0
DA:174,0
DA:176,0
DA:178,0
DA:179,0
DA:190,0
DA:191,0
DA:192,0
DA:193,0
DA:198,0
DA:199,0
DA:202,0
DA:209,0
DA:210,0
DA:217,0
DA:218,0
DA:219,0
DA:221,0
DA:222,0
DA:230,0
DA:231,0
DA:232,0
DA:233,0
DA:239,0
LF:80
LH:0
BRDA:31,0,0,0
BRDA:31,0,1,0
BRDA:33,1,0,0
BRDA:33,1,1,0
BRDA:46,2,0,0
BRDA:46,2,1,0
BRDA:54,3,0,0
BRDA:54,3,1,0
BRDA:63,4,0,0
BRDA:63,4,1,0
BRDA:122,5,0,0
BRDA:122,5,1,0
BRDA:127,6,0,0
BRDA:127,6,1,0
BRDA:135,7,0,0
BRDA:135,7,1,0
BRDA:153,8,0,0
BRDA:153,8,1,0
BRDA:171,9,0,0
BRDA:171,9,1,0
BRDA:192,10,0,0
BRDA:192,10,1,0
BRDA:192,11,0,0
BRDA:192,11,1,0
BRDA:198,12,0,0
BRDA:198,12,1,0
BRDA:198,13,0,0
BRDA:198,13,1,0
BRDA:217,14,0,0
BRDA:217,14,1,0
BRDA:230,15,0,0
BRDA:230,15,1,0
BRF:32
BRH:0
end_of_record
TN:
SF:src\services\wordTimingServiceSimple.ts
FN:31,(anonymous_0)
FN:38,(anonymous_1)
FN:90,(anonymous_2)
FN:110,(anonymous_3)
FN:150,(anonymous_4)
FN:174,(anonymous_5)
FN:192,(anonymous_6)
FN:196,(anonymous_7)
FN:212,(anonymous_8)
FN:220,(anonymous_9)
FNF:10
FNH:0
FNDA:0,(anonymous_0)
FNDA:0,(anonymous_1)
FNDA:0,(anonymous_2)
FNDA:0,(anonymous_3)
FNDA:0,(anonymous_4)
FNDA:0,(anonymous_5)
FNDA:0,(anonymous_6)
FNDA:0,(anonymous_7)
FNDA:0,(anonymous_8)
FNDA:0,(anonymous_9)
DA:16,0
DA:19,0
DA:21,0
DA:24,0
DA:25,0
DA:26,0
DA:32,0
DA:34,0
DA:35,0
DA:38,0
DA:39,0
DA:40,0
DA:42,0
DA:43,0
DA:46,0
DA:47,0
DA:48,0
DA:52,0
DA:54,0
DA:55,0
DA:56,0
DA:60,0
DA:61,0
DA:62,0
DA:65,0
DA:66,0
DA:75,0
DA:76,0
DA:78,0
DA:79,0
DA:80,0
DA:84,0
DA:91,0
DA:104,0
DA:115,0
DA:116,0
DA:118,0
DA:119,0
DA:123,0
DA:124,0
DA:125,0
DA:126,0
DA:130,0
DA:143,0
DA:144,0
DA:147,0
DA:150,0
DA:159,0
DA:160,0
DA:162,0
DA:164,0
DA:166,0
DA:167,0
DA:175,0
DA:176,0
DA:177,0
DA:178,0
DA:182,0
DA:183,0
DA:186,0
DA:193,0
DA:197,0
DA:213,0
DA:214,0
DA:216,0
DA:221,0
DA:222,0
DA:223,0
DA:228,0
LF:69
LH:0
BRDA:32,0,0,0
BRDA:32,0,1,0
BRDA:34,1,0,0
BRDA:34,1,1,0
BRDA:47,2,0,0
BRDA:47,2,1,0
BRDA:54,3,0,0
BRDA:54,3,1,0
BRDA:104,4,0,0
BRDA:104,4,1,0
BRDA:118,5,0,0
BRDA:118,5,1,0
BRDA:125,6,0,0
BRDA:125,6,1,0
BRDA:143,7,0,0
BRDA:143,7,1,0
BRDA:159,8,0,0
BRDA:159,8,1,0
BRDA:177,9,0,0
BRDA:177,9,1,0
BRDA:177,10,0,0
BRDA:177,10,1,0
BRDA:182,11,0,0
BRDA:182,11,1,0
BRDA:182,12,0,0
BRDA:182,12,1,0
BRDA:213,13,0,0
BRDA:213,13,1,0
BRDA:221,14,0,0
BRDA:221,14,1,0
BRF:30
BRH:0
end_of_record
TN:
SF:src\types\wordTiming.ts
FNF:0
FNH:0
LF:0
LH:0
BRF:0
BRH:0
end_of_record
TN:
SF:src\utils\dateHelpers.ts
FN:14,(anonymous_0)
FN:23,(anonymous_1)
FN:33,(anonymous_2)
FN:45,(anonymous_3)
FN:54,(anonymous_4)
FN:73,(anonymous_5)
FN:84,(anonymous_6)
FN:106,(anonymous_7)
FN:126,(anonymous_8)
FNF:9
FNH:0
FNDA:0,(anonymous_0)
FNDA:0,(anonymous_1)
FNDA:0,(anonymous_2)
FNDA:0,(anonymous_3)
FNDA:0,(anonymous_4)
FNDA:0,(anonymous_5)
FNDA:0,(anonymous_6)
FNDA:0,(anonymous_7)
FNDA:0,(anonymous_8)
DA:14,0
DA:16,0
DA:23,0
DA:24,0
DA:33,0
DA:37,0
DA:45,0
DA:46,0
DA:54,0
DA:55,0
DA:56,0
DA:65,0
DA:73,0
DA:74,0
DA:84,0
DA:85,0
DA:86,0
DA:89,0
DA:90,0
DA:94,0
DA:95,0
DA:98,0
DA:106,0
DA:107,0
DA:109,0
DA:110,0
DA:111,0
DA:112,0
DA:113,0
DA:114,0
DA:116,0
DA:126,0
DA:127,0
DA:129,0
DA:131,0
LF:35
LH:0
BRDA:14,0,0,0
BRDA:35,1,0,0
BRDA:37,2,0,0
BRDA:37,2,1,0
BRDA:45,3,0,0
BRDA:54,4,0,0
BRDA:73,5,0,0
BRDA:84,6,0,0
BRDA:89,7,0,0
BRDA:89,7,1,0
BRDA:94,8,0,0
BRDA:94,8,1,0
BRDA:94,9,0,0
BRDA:94,9,1,0
BRDA:106,10,0,0
BRDA:109,11,0,0
BRDA:109,11,1,0
BRDA:109,12,0,0
BRDA:109,12,1,0
BRDA:111,13,0,0
BRDA:111,13,1,0
BRDA:111,14,0,0
BRDA:111,14,1,0
BRDA:113,15,0,0
BRDA:113,15,1,0
BRDA:113,16,0,0
BRDA:113,16,1,0
BRDA:126,17,0,0
BRDA:127,18,0,0
BRDA:127,18,1,0
BRDA:131,19,0,0
BRDA:131,19,1,0
BRF:32
BRH:0
end_of_record
TN:
SF:src\utils\habitAggregation.ts
FN:48,calculatePrayerStats
FN:52,(anonymous_1)
FN:57,(anonymous_2)
FN:76,calculateQuranStats
FN:84,(anonymous_4)
FN:91,(anonymous_5)
FN:96,(anonymous_6)
FN:119,calculateSunnahStats
FN:135,calculateCharityStats
FN:154,calculateDailyStats
FN:178,getOverallCompletionPercentage
FN:186,(anonymous_11)
FN:196,getPrayerStreak
FN:210,getDailySummary
FNF:14
FNH:0
FNDA:0,calculatePrayerStats
FNDA:0,(anonymous_1)
FNDA:0,(anonymous_2)
FNDA:0,calculateQuranStats
FNDA:0,(anonymous_4)
FNDA:0,(anonymous_5)
FNDA:0,(anonymous_6)
FNDA:0,calculateSunnahStats
FNDA:0,calculateCharityStats
FNDA:0,calculateDailyStats
FNDA:0,getOverallCompletionPercentage
FNDA:0,(anonymous_11)
FNDA:0,getPrayerStreak
FNDA:0,getDailySummary
DA:49,0
DA:52,0
DA:53,0
DA:57,0
DA:59,0
DA:81,0
DA:84,0
DA:86,0
DA:87,0
DA:91,0
DA:92,0
DA:96,0
DA:97,0
DA:101,0
DA:105,0
DA:122,0
DA:138,0
DA:162,0
DA:164,0
DA:179,0
DA:186,0
DA:187,0
DA:198,0
DA:211,0
DA:213,0
DA:214,0
DA:217,0
DA:218,0
DA:221,0
DA:222,0
DA:225,0
DA:226,0
DA:229,0
LF:33
LH:0
BRDA:77,0,0,0
BRDA:78,1,0,0
BRDA:79,2,0,0
BRDA:86,3,0,0
BRDA:86,3,1,0
BRDA:92,4,0,0
BRDA:92,4,1,0
BRDA:97,5,0,0
BRDA:97,5,1,0
BRDA:101,6,0,0
BRDA:101,6,1,0
BRDA:119,7,0,0
BRDA:135,8,0,0
BRDA:156,9,0,0
BRDA:162,10,0,0
BRDA:162,11,0,0
BRDA:162,12,0,0
BRDA:183,13,0,0
BRDA:183,13,1,0
BRDA:213,14,0,0
BRDA:213,14,1,0
BRDA:214,15,0,0
BRDA:214,15,1,0
BRDA:217,16,0,0
BRDA:217,16,1,0
BRDA:218,17,0,0
BRDA:218,17,1,0
BRDA:221,18,0,0
BRDA:221,18,1,0
BRDA:222,19,0,0
BRDA:222,19,1,0
BRDA:225,20,0,0
BRDA:225,20,1,0
BRDA:229,21,0,0
BRDA:229,21,1,0
BRF:35
BRH:0
end_of_record
TN:
SF:src\utils\hijriDate.ts
FN:55,gregorianToHijri
FN:116,formatHijriDate
FN:141,formatGregorianDate
FN:166,formatBothCalendars
FN:184,isRamadan
FN:196,isSacredMonth
FNF:6
FNH:0
FNDA:0,gregorianToHijri
FNDA:0,formatHijriDate
FNDA:0,formatGregorianDate
FNDA:0,formatBothCalendars
FNDA:0,isRamadan
FNDA:0,isSacredMonth
DA:10,0
DA:25,0
DA:57,0
DA:58,0
DA:59,0
DA:62,0
DA:63,0
DA:64,0
DA:66,0
DA:72,0
DA:75,0
DA:76,0
DA:77,0
DA:79,0
DA:84,0
DA:89,0
DA:90,0
DA:91,0
DA:93,0
DA:120,0
DA:122,0
DA:124,0
DA:127,0
DA:145,0
DA:151,0
DA:170,0
DA:172,0
DA:185,0
DA:186,0
DA:197,0
DA:198,0
LF:31
LH:0
BRDA:118,0,0,0
BRDA:120,1,0,0
BRDA:120,1,1,0
BRDA:122,2,0,0
BRDA:122,2,1,0
BRDA:143,3,0,0
BRDA:151,4,0,0
BRDA:151,4,1,0
BRDA:167,5,0,0
BRDA:168,6,0,0
BRDA:184,7,0,0
BRDA:196,8,0,0
BRF:12
BRH:0
end_of_record
TN:
SF:src\utils\logger.ts
FN:31,(anonymous_0)
FN:34,(anonymous_1)
FN:35,(anonymous_2)
FN:74,(anonymous_3)
FN:76,(anonymous_4)
FN:82,(anonymous_5)
FN:100,(anonymous_6)
FNF:7
FNH:0
FNDA:0,(anonymous_0)
FNDA:0,(anonymous_1)
FNDA:0,(anonymous_2)
FNDA:0,(anonymous_3)
FNDA:0,(anonymous_4)
FNDA:0,(anonymous_5)
FNDA:0,(anonymous_6)
DA:31,0
DA:32,0
DA:34,0
DA:35,0
DA:37,0
DA:38,0
DA:39,0
DA:43,0
DA:44,0
DA:49,0
DA:62,0
DA:74,0
DA:75,0
DA:76,0
DA:79,0
DA:80,0
DA:82,0
DA:83,0
DA:84,0
DA:85,0
DA:100,0
DA:101,0
DA:103,0
DA:104,0
DA:105,0
LF:25
LH:0
BRDA:34,0,0,0
BRDA:37,1,0,0
BRDA:37,1,1,0
BRDA:37,2,0,0
BRDA:37,2,1,0
BRDA:37,2,2,0
BRDA:43,3,0,0
BRDA:43,3,1,0
BRDA:75,4,0,0
BRDA:75,4,1,0
BRDA:101,5,0,0
BRDA:101,5,1,0
BRF:12
BRH:0
end_of_record
TN:
SF:src\utils\prayerPerformance.ts
FN:55,(anonymous_0)
FN:76,(anonymous_1)
FN:96,(anonymous_2)
FN:132,(anonymous_3)
FN:148,(anonymous_4)
FN:164,(anonymous_5)
FN:166,(anonymous_6)
FN:171,(anonymous_7)
FN:172,(anonymous_8)
FN:191,(anonymous_9)
FN:208,(anonymous_10)
FN:260,(anonymous_11)
FN:269,(anonymous_12)
FNF:13
FNH:0
FNDA:0,(anonymous_0)
FNDA:0,(anonymous_1)
FNDA:0,(anonymous_2)
FNDA:0,(anonymous_3)
FNDA:0,(anonymous_4)
FNDA:0,(anonymous_5)
FNDA:0,(anonymous_6)
FNDA:0,(anonymous_7)
FNDA:0,(anonymous_8)
FNDA:0,(anonymous_9)
FNDA:0,(anonymous_10)
FNDA:0,(anonymous_11)
FNDA:0,(anonymous_12)
DA:17,0
DA:55,0
DA:56,0
DA:58,0
DA:60,0
DA:62,0
DA:64,0
DA:66,0
DA:76,0
DA:81,0
DA:82,0
DA:86,0
DA:96,0
DA:101,0
DA:104,0
DA:106,0
DA:107,0
DA:109,0
DA:110,0
DA:112,0
DA:113,0
DA:115,0
DA:116,0
DA:120,0
DA:121,0
DA:124,0
DA:132,0
DA:133,0
DA:135,0
DA:137,0
DA:139,0
DA:148,0
DA:149,0
DA:151,0
DA:153,0
DA:155,0
DA:164,0
DA:166,0
DA:167,0
DA:171,0
DA:172,0
DA:173,0
DA:174,0
DA:177,0
DA:178,0
DA:179,0
DA:180,0
DA:181,0
DA:184,0
DA:187,0
DA:188,0
DA:189,0
DA:190,0
DA:191,0
DA:194,0
DA:203,0
DA:204,0
DA:205,0
DA:208,0
DA:210,0
DA:212,0
DA:213,0
DA:215,0
DA:216,0
DA:218,0
DA:219,0
DA:221,0
DA:222,0
DA:226,0
DA:227,0
DA:231,0
DA:234,0
DA:235,0
DA:238,0
DA:242,0
DA:244,0
DA:260,0
DA:261,0
DA:269,0
DA:270,0
DA:272,0
DA:274,0
DA:276,0
LF:83
LH:0
BRDA:56,0,0,0
BRDA:56,0,1,0
BRDA:56,0,2,0
BRDA:56,0,3,0
BRDA:56,0,4,0
BRDA:78,1,0,0
BRDA:81,2,0,0
BRDA:81,2,1,0
BRDA:86,3,0,0
BRDA:86,3,1,0
BRDA:98,4,0,0
BRDA:99,5,0,0
BRDA:104,6,0,0
BRDA:104,6,1,0
BRDA:104,6,2,0
BRDA:104,6,3,0
BRDA:106,7,0,0
BRDA:106,7,1,0
BRDA:120,8,0,0
BRDA:120,8,1,0
BRDA:133,9,0,0
BRDA:133,9,1,0
BRDA:133,9,2,0
BRDA:149,10,0,0
BRDA:149,10,1,0
BRDA:149,10,2,0
BRDA:173,11,0,0
BRDA:173,11,1,0
BRDA:177,12,0,0
BRDA:177,12,1,0
BRDA:177,12,2,0
BRDA:178,13,0,0
BRDA:178,13,1,0
BRDA:178,13,2,0
BRDA:179,14,0,0
BRDA:179,14,1,0
BRDA:210,15,0,0
BRDA:210,15,1,0
BRDA:210,15,2,0
BRDA:210,15,3,0
BRDA:226,16,0,0
BRDA:226,16,1,0
BRDA:234,17,0,0
BRDA:234,17,1,0
BRDA:270,18,0,0
BRDA:270,18,1,0
BRDA:270,18,2,0
BRF:47
BRH:0
end_of_record
